INFO:root:Started generating PDFs.
INFO:root:Generated PDF for d9097c31-17c8-436e-bc2d-770bf2f8f875
INFO:root:Generated PDF for 09db9360-1885-41ea-9d46-55f1250d7ec6
INFO:root:Generated PDF for d1c7a394-7013-45a3-b613-b831951d40eb
INFO:root:Generated PDF for 11c18bd8-e04b-43e1-a427-9925f4ce10b8
INFO:root:Generated PDF for 4480ee2a-1c9f-4c93-8bde-1592dacea18e
INFO:root:Generated PDF for fd31ed56-7024-4e34-abf4-795fc81a5444
INFO:root:Generated PDF for bb5c34d9-e309-40b6-b668-75712351f500
INFO:root:Generated PDF for e6f92559-8ef0-4cab-8e93-10a0dc0e81e9
INFO:root:Generated PDF for 12053d2c-20be-490a-9351-da5bd3045b0e
INFO:root:Generated PDF for 6ac62855-fd07-42bb-96e0-8c9ed5ac8e77
INFO:root:Generated PDF for 79540c02-c875-4cfd-a779-bdab57a13142
INFO:root:Generated PDF for f5a1d9e2-92c5-49e6-97ae-aa2a4ccd163b
INFO:root:Generated PDF for e7471e8e-d8c2-49b2-bc3f-4e2084d7bfeb
INFO:root:Generated PDF for 993904a5-b1be-46f9-8bf3-e63d2d6afa3d
INFO:root:Generated PDF for a0f9c326-d1a6-4030-ab72-38ffec2ad3bf
INFO:root:Generated PDF for 058f2fb9-64d2-47fa-a713-12d832d33505
INFO:root:Generated PDF for d9ebe721-b922-43e0-9f33-e891601bfda7
INFO:root:Generated PDF for ef23b9ba-851c-4711-9f71-233807523dcb
INFO:root:Generated PDF for c0fd14ef-6cb7-446d-af19-c18adfde6b84
INFO:root:Generated PDF for 39074f01-1393-4fa0-9bc1-9ca0f59b6eef
INFO:root:Generated PDF for 478fcddb-8490-4ca2-a51f-f4eccfae58d5
INFO:root:Generated PDF for af8bf790-d639-4529-a2aa-00cafbe771d5
INFO:root:Generated PDF for d7d0ced5-7898-4fcb-b9fa-4667d2a4d288
INFO:root:Generated PDF for f064860f-2c72-48d8-9b7e-a03a1ea2504a
INFO:root:Generated PDF for f7121c64-de22-4518-970e-d2ad50709131
INFO:root:Generated PDF for 0d248787-9e98-4225-b103-bbf688f6b4b3
INFO:root:Generated PDF for 124e437c-a91a-4eef-a0c0-e8624c4f836d
INFO:root:Generated PDF for f045140a-c58c-40b9-9bdd-a07b70830769
INFO:root:Generated PDF for 7883a828-6314-4d3f-92f0-1d2b02f2bc13
INFO:root:Generated PDF for 6efd2594-00c4-4aaa-bec8-4d5341c04230
INFO:root:Generated PDF for fb91a28b-a150-4bfc-99ac-843560fa2a93
INFO:root:Generated PDF for 36bac53b-b818-44f5-82ba-66875970ad1f
INFO:root:Generated PDF for ae6dad51-ebbd-41de-bdaa-47f3b5752515
INFO:root:Generated PDF for 5bdbf9a6-4eb9-4c4e-9ebd-e6f7e761b61f
INFO:root:Generated PDF for f2496936-b973-4842-9e38-97cb8169988d
INFO:root:Generated PDF for 41111489-0d44-4989-af49-75b7c91f0231
INFO:root:Generated PDF for 95adc3c3-6608-4405-8d30-88ddd8e7cc0b
INFO:root:Generated PDF for 6895802d-f1e9-4050-8f43-fc6a26689059
INFO:root:Generated PDF for 9abf52e5-8d61-4077-a9f8-e32dbaa12d6b
INFO:root:Generated PDF for aef3f523-4cc8-4743-af4c-b1b04e7ab090
INFO:root:Generated PDF for 0474e9e0-0c0d-49c1-bc08-e3cdadf3c285
INFO:root:Generated PDF for 8bf6deaf-4bb2-460e-81a5-8e8f1d9c97e2
INFO:root:Generated PDF for e11b7371-2243-4158-bfee-da348e707296
INFO:root:Generated PDF for 25d2d7ea-0157-4f70-b857-17c06c724837
INFO:root:Generated PDF for 79c99f1c-2f74-4bf2-8bd4-c16003a4c5a4
INFO:root:Generated PDF for 20df5f1b-97df-4b9a-8f5a-e9f653d08a54
INFO:root:Generated PDF for b3c2714a-ab13-4d22-b0ea-7844fdacb9c9
INFO:root:Generated PDF for 10034ff2-975a-4113-97eb-17b3ccdbc802
INFO:root:Generated PDF for 64d2d302-562a-49fa-b42f-179eb708a082
INFO:root:Generated PDF for 18dbf038-6056-44b5-8c6d-6620e2380117
INFO:root:Generated PDF for 7fc9d3b4-0de7-4af6-b39c-0d1e1896e151
INFO:root:Generated PDF for 1efe5358-9cfd-4b45-ac94-cd7a6b8740ba
INFO:root:Generated PDF for d1ff04c3-6a4a-4e84-b12c-1efc5506d09d
INFO:root:Generated PDF for 4b876294-377d-40a3-a989-bfa8e1aa70c9
INFO:root:Generated PDF for f8326533-d1e8-4121-9514-f94c305df857
INFO:root:Generated PDF for f8bb3bca-508a-4e74-a056-e20d1cd970ff
INFO:root:Generated PDF for 720e8841-0039-47af-935d-96eb20398492
INFO:root:Generated PDF for fac572f0-ce10-40e6-81e8-f2fe60c2e964
INFO:root:Generated PDF for 38277b1e-f26b-4e2e-9bb1-af123a33dbe6
INFO:root:Generated PDF for da79fa1e-7315-4d65-970c-dda0915e6bfb
INFO:root:Generated PDF for b73c0b84-d5cb-4884-9e61-c1a0b1317494
INFO:root:Generated PDF for 503c8fdb-1f64-475b-a23b-73615467b92c
INFO:root:Generated PDF for e251e929-f617-4dd2-837a-cada84b4dc58
INFO:root:Generated PDF for 13e03501-1466-4f2e-a95b-9860b7080a2a
INFO:root:Generated PDF for affd015b-7d9c-4af9-acb3-5c23d7147f13
INFO:root:Generated PDF for c1b35ca3-70d5-4801-94d9-e68a7418366a
INFO:root:Generated PDF for 07e569d1-8c5e-4b74-b0cb-79c4d2113f40
INFO:root:Generated PDF for 9011d9b6-17da-4e2d-8acc-3aeb078744b1
INFO:root:Generated PDF for 58af8da0-7d75-45df-b0a0-4f68354f80c0
INFO:root:Generated PDF for cbd79702-32b7-47b7-9e20-dc7192213e84
INFO:root:Generated PDF for 385080e7-18d8-4426-843e-52d6b3e63340
INFO:root:Generated PDF for d1127edf-d0a9-44d4-91bc-c3b24aad067c
INFO:root:Generated PDF for d7cf05e0-9492-465a-8b58-7b1b1f8b2f0c
INFO:root:Generated PDF for 6f5cc3c8-20af-426d-9930-152eac2e21d4
INFO:root:Generated PDF for 641762eb-b46f-4967-bdd3-378e2ae22ec9
INFO:root:Generated PDF for acd5a1b2-c25e-4d68-84c7-82c700433d9c
INFO:root:Generated PDF for fd713bfb-baa1-4f1f-a42c-99b225abe4cd
INFO:root:Generated PDF for 9d8f021f-00dc-4c48-b57f-2c4efd43c501
INFO:root:Generated PDF for 332d13df-ea71-4acc-b9c1-99e996f7572d
INFO:root:Generated PDF for f40ec04e-6f7d-49bd-86fc-28f4f368afde
INFO:root:Generated PDF for dd513b55-cba2-41d8-bacd-6e8eeb7c7fef
INFO:root:Generated PDF for 7e5d868f-9081-4896-914f-2c3d745c67fe
INFO:root:Generated PDF for 08daab52-9805-4e8d-b50c-e0f6af33b778
INFO:root:Generated PDF for 74220aca-2f8c-4553-b5a2-bf393bd19424
INFO:root:Generated PDF for eebe22ec-c47b-4eee-916a-b73dc13217f4
INFO:root:Generated PDF for b1867687-7da2-47aa-b5fd-9951b7b98edd
INFO:root:Generated PDF for 1d2d7f85-bbc8-4028-b304-84cdbeba428a
INFO:root:Generated PDF for eacc33be-1e29-4933-91bb-bb195364cdac
INFO:root:Generated PDF for cf36855d-2a7b-4675-aafa-c49ac50f298e
INFO:root:Generated PDF for a0213ff5-5ce5-4ffc-aabc-6d7886358f27
INFO:root:Generated PDF for 852958c4-8155-465a-a445-5ba5e28928a9
INFO:root:Generated PDF for 07299ea9-9864-4fef-9ea6-cc5eece91f14
INFO:root:Generated PDF for d9999dd2-9c2f-498a-bdcc-978202381038
INFO:root:Generated PDF for a892d85c-ff25-41b0-b15f-1281ee843c62
INFO:root:Generated PDF for f04174ab-eab8-4c67-8426-b7e9e322eb85
INFO:root:Generated PDF for 2032b494-5661-472b-8b8c-90b056a8e2b0
INFO:root:Generated PDF for 0c5322ed-0080-45b6-8363-73e0f967ec50
INFO:root:Generated PDF for 15dcfe5d-99d6-4d7e-8938-6b25559c463b
INFO:root:Generated PDF for 7099acac-0c39-41bb-b753-0fabc130cd63
INFO:root:Generated PDF for e34709cc-6c31-4d02-b22d-bed403707259
INFO:root:Generated PDF for e33af6f5-d15f-4bc5-b5dc-94965de403fd
INFO:root:Generated PDF for 38e60a92-97ad-4071-acc5-e8f703c591b2
INFO:root:Generated PDF for cdb3f39a-7f70-4f44-bd09-5e68f7341800
INFO:root:Generated PDF for b3ee4c7e-e39e-4081-b695-2b30a38df1ca
INFO:root:Generated PDF for a33e1ab0-d803-47e9-ac30-b0fa4d44001b
INFO:root:Generated PDF for e5ef5767-2964-4426-afe4-a570424205a9
INFO:root:Generated PDF for 79a07260-ac83-4757-a97e-251174b489f7
INFO:root:Generated PDF for b1330f3c-d10e-493d-8db0-da1b37ad7636
INFO:root:Generated PDF for 6a7730b8-0557-4fd2-b0d7-4c03657b1b98
INFO:root:Generated PDF for 18114105-0d47-423a-b667-4c5652b04bb9
INFO:root:Generated PDF for 75977541-8972-46c5-a9fc-ab852d05d544
INFO:root:Generated PDF for 45823e67-8822-43da-ba80-c0bcd695fe00
INFO:root:Generated PDF for 531dfbff-1504-433f-88b1-3b67142eb196
INFO:root:Generated PDF for ca012c9a-bf51-43a9-9d93-ddc39981e5ef
INFO:root:Generated PDF for 9cacc0d3-d277-44f6-985f-d06e1fe4b95d
INFO:root:Generated PDF for 3c98b49d-d495-47af-b7a6-4803a2d414e7
INFO:root:Generated PDF for c6478588-f508-4bdc-872f-ac8efbfcb817
INFO:root:Generated PDF for 65e5799a-423d-4038-ad0d-3f1731108f6e
INFO:root:Generated PDF for 2fbe51f4-214b-4d99-8a15-9178f9fb5536
INFO:root:Generated PDF for f009457c-e508-4eba-9ba5-aaddb559a374
INFO:root:Generated PDF for 9a73a535-0e9f-40d7-b956-2f21943f6d9b
INFO:root:Generated PDF for c2beb4d9-6935-4094-a7d2-7a02163542ba
INFO:root:Generated PDF for b44f8bc8-1cda-4d14-a417-2e10752f4b67
INFO:root:Generated PDF for 39feb544-f6b6-4832-bc83-7951eb62e04d
INFO:root:Generated PDF for 101dbc0c-ba19-4520-8bde-efaf80cf5955
INFO:root:Generated PDF for 208f10f1-5add-432c-b40e-c42b23050254
INFO:root:Generated PDF for 248655f5-305b-4519-85fd-49382e163f7d
INFO:root:Generated PDF for 69d28aa8-9545-4f75-8a9c-18ade64dedf1
INFO:root:Generated PDF for 9bdb16fe-ad57-4fcf-8f7d-2510bb63fabe
INFO:root:Generated PDF for b6b109c6-2d2c-4f5f-8b29-4eaaca10bfe8
INFO:root:Generated PDF for 34676b7d-96cb-4c3e-ae46-97d75546814c
INFO:root:Generated PDF for 5997b960-5b46-4800-80bd-031c866f2b49
INFO:root:Generated PDF for 0190e5c6-3696-4d1f-b52b-3298d7c3fa51
INFO:root:Generated PDF for 57d0b030-d9d7-4a81-b42b-7885595c977a
INFO:root:Generated PDF for 0b92614d-bc39-422a-80db-2241635459e1
INFO:root:Generated PDF for 23aa0d60-c20d-4843-ba47-3a0722aef17d
INFO:root:Generated PDF for 65956905-beb6-4b1f-8f25-5bc557672ffb
INFO:root:Generated PDF for e555bcdf-6657-4216-a875-76942911e3e1
INFO:root:Generated PDF for fc989d17-9dca-4146-9a1a-64ba0e02bfcc
INFO:root:Generated PDF for b56a49f1-afff-4b65-85b0-1cb197c75ddb
INFO:root:Generated PDF for 42bfe0dc-b806-4ebe-970b-431374059ed6
INFO:root:Generated PDF for 73ca9fcc-1f8d-4573-a19d-25de9ff6495c
INFO:root:Generated PDF for 1c35347b-3c8d-4c18-bee6-983f19946a0a
INFO:root:Generated PDF for 1585b6a7-3b17-4cc5-9251-29ce6d721a72
INFO:root:Generated PDF for 7dde953a-db01-4012-b9bf-37a6928a9154
INFO:root:Generated PDF for 69baff38-6cbc-4a1b-91a9-574f7e5e84db
INFO:root:Generated PDF for bec03481-c1c4-41ee-a905-0cc35c92ff5b
INFO:root:Generated PDF for 672cf7ba-28a7-4f6d-994b-2500453fa858
INFO:root:Generated PDF for cde6ae05-fc78-46eb-b066-68b82c80a799
INFO:root:Generated PDF for 45f95ebd-fc5b-49e4-a9ce-f54af6d9b98e
INFO:root:Generated PDF for 4cfc04be-55a4-4b8b-8513-6c10ffec71c2
INFO:root:Generated PDF for a204d559-0639-407b-8e2f-a00d153f6f7e
INFO:root:Generated PDF for c9b546ab-02a3-4582-bedc-ec8bd96d3c95
INFO:root:Generated PDF for 37445b4c-f545-441d-b51e-d171a2ac2a59
INFO:root:Generated PDF for adbee3ea-4319-46c7-a4b7-5d5995d457cd
INFO:root:Generated PDF for bb17f329-ca38-4948-b5ae-b693b6c8d914
INFO:root:Generated PDF for f41687aa-f75b-4b87-b230-dba8dd996973
INFO:root:Generated PDF for 1c85d8cb-e076-40b2-b647-9d74bfc90b7e
INFO:root:Generated PDF for d9475d3d-425d-45b4-8242-a0002e2e9a98
INFO:root:Generated PDF for 8066c837-e924-410c-b572-2af67068e0e9
INFO:root:Generated PDF for f35306dd-d800-4699-8279-1125781465d0
INFO:root:Generated PDF for 03214b23-12d1-49c2-81ab-2ee1fea72d21
INFO:root:Generated PDF for 1f457af6-5bb7-482a-95ee-00c9a3cf5308
INFO:root:Generated PDF for 89a23bf0-e6d9-4a93-bd6b-418370bb4850
INFO:root:Generated PDF for 01a1e776-db1f-4010-9f84-a08ec4985d9f
INFO:root:Generated PDF for f22217fb-e7bf-4140-ae66-8f406bb41984
INFO:root:Generated PDF for 5fa2cf47-29e6-4c58-909d-93c3187e0673
INFO:root:Generated PDF for dfd0f57b-eea5-4db2-81db-3d8a154b5a56
INFO:root:Generated PDF for d9c03445-4ea1-4d3f-9c4e-2cd271beee41
INFO:root:Generated PDF for 12af03c4-adcd-4554-bf23-6a4074285653
INFO:root:Generated PDF for be337dc9-101d-4b20-8e93-f690fc9f91ab
INFO:root:Generated PDF for 912001a0-80a6-4844-8fdc-503d737a0fbd
INFO:root:Generated PDF for e1b24e7a-51d5-4a72-a953-ea2fa76333f3
INFO:root:Generated PDF for ab7a4bdf-d4fb-4b90-9f2a-71eac7bed154
INFO:root:Generated PDF for 25f571b2-11d8-4395-8a04-0066be2f9fbb
INFO:root:Generated PDF for 3aabb6e4-07ea-4b54-8ad5-cf4c962004f4
INFO:root:Generated PDF for e9dfb8da-f0ff-41a9-9691-a5bc28613ac5
INFO:root:Generated PDF for cc92ac04-1ff3-4b32-ae80-452a36fabc57
INFO:root:Generated PDF for ffa2717f-c627-4fbd-abec-c8289587b198
INFO:root:Generated PDF for b0be50bc-e228-4d23-a7d7-bbdaf500fcdd
INFO:root:Generated PDF for 72067477-9391-4fde-842f-4d41e17872f1
INFO:root:Generated PDF for ef721cd2-6ff3-426a-b940-8dde95a3d5e1
INFO:root:Generated PDF for 221b053a-37fd-42c6-bcda-be5df025b7fa
INFO:root:Generated PDF for abe97caf-8f0a-4d41-a6e6-d1f95b164697
INFO:root:Generated PDF for d45503e6-8635-4866-984d-ceae6c896e95
INFO:root:Generated PDF for 2f9f7c21-b7e1-4325-a077-a94a4001b1ce
INFO:root:Generated PDF for 09341e11-be3d-4aac-8b5d-95505d85f0eb
INFO:root:Generated PDF for d66e6642-15b4-46f4-af64-36c9000c3d1b
INFO:root:Generated PDF for 98ca7172-e764-4b56-98a4-10c738a8cb47
INFO:root:Generated PDF for ae2c3705-e45f-48cf-8bbb-30ce70d135c4
INFO:root:Generated PDF for 8792d36a-c4db-4514-8529-8b1fa4bb2bf2
INFO:root:Generated PDF for 720d8a2c-6123-403d-a8fd-62310263b311
INFO:root:Generated PDF for 4ed9fa80-e3fd-4ec3-9dc2-5007cee5475a
INFO:root:Generated PDF for 4c5a9e91-f48d-4df5-8f6c-2e21e9224161
INFO:root:Generated PDF for 65f6e968-6b8f-4486-aa1c-9fb9479a2a9b
INFO:root:Generated PDF for 6aa77032-2efe-4018-aa6e-34040d5da62c
INFO:root:Generated PDF for fa66510e-38d0-40d7-a1c7-4b6e90d13b3c
INFO:root:Generated PDF for 7e997944-ae1e-410c-9ffc-9d5e62c22579
INFO:root:Generated PDF for bd9dfa4f-897b-4767-953c-0799c1bcac14
INFO:root:Generated PDF for c5ef5aba-85a6-4340-a23c-3ca2c0e18571
INFO:root:Generated PDF for cf37d3fc-9c37-412a-9459-0593294015c0
INFO:root:Generated PDF for be99bdd1-39f9-4912-98ad-161959479269
INFO:root:Generated PDF for 66f0c877-e8fb-469d-81d0-03a920602749
INFO:root:Generated PDF for d1e4ca23-4b00-40c0-aeec-9db211a7308e
INFO:root:Generated PDF for 5e727e44-07ae-446b-aa29-34fb987a9a05
INFO:root:Generated PDF for 14d75f1a-47b0-4a0a-9451-d91f88dbced6
INFO:root:Generated PDF for 7470ec90-5cf9-41e6-abe8-f6905b739aac
INFO:root:Generated PDF for f5c8016e-c864-45f7-9f76-a4dfbe3e4c5d
INFO:root:Generated PDF for 16aaee2b-e7bb-481d-a6bc-d90cef228932
INFO:root:Generated PDF for 0b3c6c92-ef60-4d3a-9c4a-91851ba9b7c9
INFO:root:Generated PDF for a6c4379d-5e9d-4fc4-8157-4c3757232f15
INFO:root:Generated PDF for 6837ae89-29a5-4a23-b00f-ea0cd425e90d
INFO:root:Generated PDF for d9c30592-afff-486e-bcf4-ad0c5dc775c2
INFO:root:Generated PDF for 5e466039-b524-400c-8036-c75d3f81c6fa
INFO:root:Generated PDF for e4c731a5-5463-4a9d-9d71-e1035f9d6d82
INFO:root:Generated PDF for 6b34c04b-d398-4b01-9af8-2ed1486235d0
INFO:root:Generated PDF for eaafa45b-b9c9-41dd-9491-c62e63a0e8fa
INFO:root:Generated PDF for d3e3edcf-42be-4024-a5c5-8d78461cefe2
INFO:root:Generated PDF for 031b2bdf-063c-4470-a9f6-265dfc97cf94
INFO:root:Generated PDF for 0ce94401-9303-4691-a131-e552b7f14be9
INFO:root:Generated PDF for 2670d4fa-8985-4094-b551-3ab9c92994b9
INFO:root:Generated PDF for ab9f3399-133a-431c-bc07-ebc3f2f96a87
INFO:root:Generated PDF for 6b02d256-94a3-4159-83b5-028d66f17225
INFO:root:Generated PDF for f8a02aef-602a-4dfe-aee8-f08353aa4c50
INFO:root:Generated PDF for 71e3cddd-fe12-49da-8908-f8c76cc6cfde
INFO:root:Generated PDF for e7c23e90-8b7c-4310-9d59-c1b258887487
INFO:root:Generated PDF for 6be87b71-f815-47c4-93a7-875fa4289caf
INFO:root:Generated PDF for 99f58626-b55e-4dd9-a185-1e4f1c1055d7
INFO:root:Generated PDF for 52326762-6e6d-4011-a3fe-83614aa50d27
INFO:root:Generated PDF for e7805e10-ae8f-4ce2-832f-63efca4cd9be
INFO:root:Generated PDF for 5aa4b50a-115f-44ec-98b1-7a4a4a16c534
INFO:root:Generated PDF for 6adde9f1-2ea6-40d3-97a7-3cfdb68f8793
INFO:root:Generated PDF for 4423a207-7c4d-4894-8536-7d16b8f265c2
INFO:root:Generated PDF for 0251560a-e247-47d4-891a-ea060ef52ad1
INFO:root:Generated PDF for 51dd7bec-da22-4f6c-9648-673c9a6df5f4
INFO:root:Generated PDF for 01ac654f-056d-4a84-9ad4-22e855a680fc
INFO:root:Generated PDF for 71969895-fdf7-473a-a25b-2b4a34e41852
INFO:root:Generated PDF for 25ad1f36-c04a-4bf8-9919-0cdfb3c6c7b2
INFO:root:Generated PDF for ae4dc359-8f90-44ef-a7df-b666e32bc864
INFO:root:Generated PDF for 8fa41884-9a8e-4aef-a0a0-0e9a75cc4b09
INFO:root:Generated PDF for d2d1416c-6d88-4719-9a29-75f9d17fbb2e
INFO:root:Generated PDF for 6b59636f-b863-4c89-88bc-7a6866cfb8eb
INFO:root:Generated PDF for af9f05d9-0fb7-4363-881a-5b9393b90bf1
INFO:root:Generated PDF for 7fb93296-40a8-41c2-bb99-b9641e54fac9
INFO:root:Generated PDF for d2e44d65-15c4-48fa-8f8f-67e4009133cd
INFO:root:Generated PDF for 9f2f39d7-9a5e-41fd-b1e1-c5ad83445059
INFO:root:Generated PDF for 2629e145-b31c-49b4-9d7a-a518668b24df
INFO:root:Generated PDF for 19d8756c-3a45-487f-af95-0b53ec91bd2f
INFO:root:Generated PDF for 7c0f470d-6325-420e-b705-2de77d12cdd4
INFO:root:Generated PDF for efab9bf2-1ba4-41d6-8de9-c0f1a67742c6
INFO:root:Generated PDF for 28854412-1d6c-4f68-b17d-63bc1a230cca
INFO:root:Generated PDF for 22190505-772a-4989-9e27-219b7ec25da7
INFO:root:Generated PDF for bbef8f20-f85f-4f11-8174-8042776e1227
INFO:root:Generated PDF for 77b79f1d-272f-4147-84b4-dc755cf1bb48
INFO:root:Generated PDF for 47051c6c-aacc-4545-b997-074737efc45d
INFO:root:Generated PDF for cbbc3b56-19ea-4631-b13f-25c36e63b836
INFO:root:Generated PDF for bed32b3f-814b-4caf-881c-e3b5fcf1012b
INFO:root:Generated PDF for 0152e14c-234b-40b1-9d33-7cedcd02c6ba
INFO:root:Generated PDF for 005ada47-b812-4b4d-b1a5-e7f5d4c1cb73
INFO:root:Generated PDF for 4c4d4806-ca0f-4d6d-8144-3ca33b58516e
INFO:root:Generated PDF for a417b8e9-3ea8-4a55-a0a5-28635b13719b
INFO:root:Generated PDF for a2756f39-d3ec-4090-b5d1-9d7536bb3ef4
INFO:root:Generated PDF for 8ce5d1a5-b0d8-4d1a-96da-926ac5e4f29e
INFO:root:Generated PDF for 2ff98760-8193-4c6c-aa91-e04b0fa7792a
INFO:root:Generated PDF for f90bbced-16bf-4329-a72c-a473e414fed8
INFO:root:Generated PDF for 6091c6be-7840-409c-967f-1c80cb122434
INFO:root:Generated PDF for 484edf3f-c6c1-43ca-a603-c9e4e6dca4fa
INFO:root:Generated PDF for 486e50c1-6ae7-451c-8689-471611d57a97
INFO:root:Generated PDF for 4b4cec0f-113a-4829-a89c-c0ce59ef9d68
INFO:root:Generated PDF for 8e8f7e00-2492-41c4-b882-d04f06fe76e7
INFO:root:Generated PDF for f721e936-32a3-489d-bc49-edc8684d18ad
INFO:root:Generated PDF for 731caef8-8e14-4b79-82a9-b1649020d590
INFO:root:Generated PDF for ef789a03-abf4-400d-882f-623140758d94
INFO:root:Generated PDF for 248fe129-4484-45ca-9449-c6f70169601a
INFO:root:Generated PDF for b0c287a7-4f73-45f4-abc0-bf7e18731e7c
INFO:root:Generated PDF for 21903770-71fc-4820-b4f9-071dfef4e4e3
INFO:root:Generated PDF for d13f1b43-b194-4ffe-a5c9-55c66063d647
INFO:root:Generated PDF for f18c2ec5-36d2-40b3-a326-e8f5994bef50
INFO:root:Generated PDF for bbcc7110-9876-4cad-8f10-dfcd26bad9c8
INFO:root:Generated PDF for c687e381-6e65-4a32-80a2-db83d890527c
INFO:root:Generated PDF for b1b3c4f6-df6c-49a8-92d9-6bf6ff489853
INFO:root:Generated PDF for d5def8e4-e565-444e-bf20-58a1a19c85be
INFO:root:Generated PDF for 5d6e8e91-2ef7-4b41-9635-3467dee2b605
INFO:root:Generated PDF for 94c8d713-df7e-4f67-8d6b-a21466177a80
INFO:root:Generated PDF for 9dd6ff05-94b2-4407-b351-b61eeb8b477a
INFO:root:Generated PDF for 389c8a89-b5cc-43cf-8ae0-0f22f782e1e2
INFO:root:Generated PDF for 2af2d2bc-9b84-4e1c-b785-e8b9d11f4203
INFO:root:Generated PDF for e5b61b04-afa2-4e5c-a0f9-f177e224ef9b
INFO:root:Generated PDF for 5e87f223-9cf4-4183-9d47-f0159fbbcb4b
INFO:root:Generated PDF for 30735e0f-db7a-4876-8430-b335438cd6cc
INFO:root:Generated PDF for 8cebd186-e241-4026-aa72-34d5110071f6
INFO:root:Generated PDF for 5bfef043-5676-4816-b7c8-748d6f0715cc
INFO:root:Generated PDF for 1f48b68f-bb00-4f6f-bec8-1c5e1f298ef2
INFO:root:Generated PDF for 3911231f-943f-49e8-bf4c-069dff41ffad
INFO:root:Generated PDF for d12074ac-67ec-4fe1-909f-715eceab83fd
INFO:root:Generated PDF for c286cbf7-b1c4-4990-83df-00351ff749b8
INFO:root:Generated PDF for c241c3d1-c025-4fff-9050-8a70e19f691b
INFO:root:Generated PDF for fe653c21-597b-4d9d-80b7-38a57d8d9216
INFO:root:Generated PDF for 82a48630-4d2e-452c-91f9-2a1beda1a07d
INFO:root:Generated PDF for 9d775195-00ef-4d54-8c9c-914fcd963552
INFO:root:Generated PDF for 8edde7ce-8550-4ac9-a08b-31fc4676ae67
INFO:root:Generated PDF for b70defba-ee09-4e22-b6d1-b15d5044ca7a
INFO:root:Generated PDF for 527ea8e5-336a-41e1-ba14-549517649788
INFO:root:Generated PDF for 3df8a841-5029-4006-b644-47f1f90d6924
INFO:root:Generated PDF for 5cb3488f-b81a-4b73-a035-d7caea921a6f
INFO:root:Generated PDF for 85d252fe-941f-4f3f-8a93-05d88ee82ef0
INFO:root:Generated PDF for 9e48cf09-d076-4397-a955-6bedd706bef8
INFO:root:Generated PDF for e9db63df-02fb-4fa1-83f6-35e409d895e3
INFO:root:Generated PDF for 10dcc3da-8270-4256-8590-79c02609af5f
INFO:root:Generated PDF for 4119647f-3efe-495e-bd81-0349c6d7be0b
INFO:root:Generated PDF for 65817e46-f898-425b-9501-99a5156db8c9
INFO:root:Generated PDF for f7a458d8-1624-4a4c-9d48-fd4fe51cf9b9
INFO:root:Generated PDF for 3009ad83-a7d3-4bc2-b23d-9cf14131f62d
INFO:root:Generated PDF for a20bd391-be66-4c0c-bd61-1fb5f28e14c5
INFO:root:Generated PDF for 8875db9a-b73a-4472-a123-015b76eab9a5
INFO:root:Generated PDF for aab117c2-5002-4ff8-af15-f82165de74eb
INFO:root:Generated PDF for 3629b435-7f17-4f98-ba69-dadd9db491de
INFO:root:Generated PDF for b4d9a95d-cef6-4163-99dd-f845b4c7295c
INFO:root:Generated PDF for 457a1d64-fbf2-42d4-b947-1c46c9c49d7a
INFO:root:Generated PDF for 6dcbf182-ea6f-4864-9bab-ad35f5d21f64
INFO:root:Generated PDF for 74f04e73-46f6-4be4-a7c7-758328939307
INFO:root:Generated PDF for 97eaf7c6-e419-4eee-8e26-c8e79b415100
INFO:root:Generated PDF for daab1c54-5758-4f60-bb67-d9ac01e1fc5a
INFO:root:Generated PDF for 3a26de3f-66c3-4fd5-b330-f349dd58c8bf
INFO:root:Generated PDF for b6e24e8c-b295-4eeb-a6fc-30cd883b1e53
INFO:root:Generated PDF for 70e3f0f3-2832-4cc0-bb6a-21222de38872
INFO:root:Generated PDF for 462f0f39-a3e4-4279-873c-c68632f51092
INFO:root:Generated PDF for f5d9f92d-3569-45cf-8135-7bd544e14bb3
INFO:root:Generated PDF for bbbf1f6d-d72a-416e-a1ae-ac9df946e029
INFO:root:Generated PDF for 0ba375ef-f326-42d1-a609-8ddc82fa1e35
INFO:root:Generated PDF for 78997aa2-1622-4c86-a228-3cc1d575de24
INFO:root:Generated PDF for 5adf99cf-67d6-42ea-bb99-3da7a62d276d
INFO:root:Generated PDF for ce862edc-fbc8-494b-8ceb-6a1fd9b64965
INFO:root:Generated PDF for a43a28d4-47f1-4ab6-bac8-1ce19251b2cd
INFO:root:Generated PDF for f576a364-f3e9-4c9b-93f1-b75296fbb026
INFO:root:Generated PDF for 35b3a51d-f9be-45b2-9815-50d24c5e1115
INFO:root:Generated PDF for 2974f643-2b15-485d-887e-64526c83c7c1
INFO:root:Generated PDF for bc79a1d4-b44e-4403-ba97-8841fc0f90c6
INFO:root:Generated PDF for 842ff873-15c4-4ef3-af43-c3ae1c83d22a
INFO:root:Generated PDF for b624a6c7-1c5d-4b45-b3b9-4274cda03583
INFO:root:Generated PDF for 7eec72a7-8d2b-4273-ae0f-c2bb83dde978
INFO:root:Generated PDF for e5ae07d9-30d5-4504-8c5d-aba3ae381237
INFO:root:Generated PDF for 7f5c6e7e-5559-49f0-a6e6-55262cea5611
INFO:root:Generated PDF for eb6a797f-6b98-43a5-9156-bb035ee89e04
INFO:root:Generated PDF for dacca6eb-862b-4c08-807b-4406608cbdc7
INFO:root:Generated PDF for de9622aa-b4e5-4492-bc1d-22fa6b6a250d
INFO:root:Generated PDF for 5776ad8f-093c-41cd-8fa8-46e698a8c0c5
INFO:root:Generated PDF for 0b793c66-f52c-4186-aa85-0eabda4ad844
INFO:root:Generated PDF for 44c2f0fb-64e2-410c-9663-57a6351c57ba
INFO:root:Generated PDF for 2c82f82a-0dbb-4d63-986f-b65e8bfe4a6c
INFO:root:Generated PDF for 647fb55f-9ba5-4570-8e40-e38017f9ae2c
INFO:root:Generated PDF for f792b88c-6edd-4bd4-95f2-1e98397adc52
INFO:root:Generated PDF for d2e8c43f-583a-4f4b-85bb-b9a60858ecd3
INFO:root:Generated PDF for ec1fb30a-9843-4fe9-bf06-43563c3bfe2d
INFO:root:Generated PDF for 15d3193d-48b1-4d38-a8a6-75d1fbfda4b0
INFO:root:Generated PDF for 222056c2-bb4e-4ccd-b88a-4b4735abf72a
INFO:root:Generated PDF for 5c69ceeb-b912-47fd-9b48-c5af909baba3
INFO:root:Generated PDF for 5dcbc777-bc09-400d-9420-f8b02f39aee9
INFO:root:Generated PDF for 9ff56019-d5bb-415a-9256-6f5a6470fd89
INFO:root:Generated PDF for 689deeaa-130c-47ee-bcf1-acc27c24a07a
INFO:root:Generated PDF for 15468f18-594d-47e6-a043-1945c06c48cb
INFO:root:Generated PDF for 6e3e4cf7-2e31-402e-ac4b-18b536cf81d5
INFO:root:Generated PDF for c22a45ae-eed9-473b-ab22-2d9ce55b33e0
INFO:root:Generated PDF for 4b7b544f-d147-4665-afb1-5c1696d847ab
INFO:root:Generated PDF for 7651a778-6ede-4a5d-ac0f-50511f2bc53f
INFO:root:Generated PDF for 3fef7f5a-f499-4d80-8a7d-b4a875a29654
INFO:root:Generated PDF for cd2ac200-b21a-4122-a8cc-0c3d291a14cc
INFO:root:Generated PDF for b9f8d155-c33d-4fe1-84a7-699b9d4ee7de
INFO:root:Generated PDF for e5de4cd4-906b-421a-9e44-9e0890b0b549
INFO:root:Generated PDF for d20f10e4-e973-4529-aa45-66441adb8092
INFO:root:Generated PDF for 3f78e473-840b-4af3-bc36-6b8cb3f30237
INFO:root:Generated PDF for 089af36c-6109-40dd-bb2a-7739bb815489
INFO:root:Generated PDF for c6d979d4-466a-496e-b42a-0baec4e0db3f
INFO:root:Generated PDF for 5af8e5ba-22bd-4718-b616-3080133b42c1
INFO:root:Generated PDF for 36b0bdc8-115b-4267-9223-28a9198eeb12
INFO:root:Generated PDF for be398f35-e1bf-48e7-b1f8-1880011a093d
INFO:root:Generated PDF for 003db0b3-a6cf-4517-bbeb-e5fb1951c685
INFO:root:Generated PDF for 1072533d-1eb0-4335-b25b-2c41d97eaf95
INFO:root:Generated PDF for 11fd5b38-e9e0-4c89-87c5-56f4fa8e2e1b
INFO:root:Generated PDF for cfa27048-1f67-4095-a89c-5c208c2f664e
INFO:root:Generated PDF for 5dd26052-85bb-45e0-b239-08744be8034f
INFO:root:Generated PDF for 33986b1f-f0f0-4d06-95eb-62904c683752
INFO:root:Generated PDF for 9345a02b-b836-4c7a-a5e0-bcfe2deadc87
INFO:root:Generated PDF for 5e327526-6748-45db-854d-77f2a19df90a
INFO:root:Generated PDF for c827b9b2-6a7e-480b-a35c-6912e18c21c2
INFO:root:Generated PDF for a8d278e5-db01-4a3a-99c7-24b00cc1f864
INFO:root:Generated PDF for 040ecfc9-e5b0-43da-9522-87c62d246176
INFO:root:Generated PDF for b47a305f-560c-478d-9e0f-53e3cd681ecb
INFO:root:Generated PDF for abad50bd-e483-454c-be3e-549c75b6c603
INFO:root:Generated PDF for ef38a91b-09d9-47ea-a0a0-62b7cfca4f4b
INFO:root:Generated PDF for 3cfeb34a-89f9-42ed-aaf9-d0d71d8e0f99
INFO:root:Generated PDF for 0961eba9-2d31-451c-9744-f96268ba1a8e
INFO:root:Generated PDF for a60dd7ba-8045-42cf-adb7-554d1f804380
INFO:root:Generated PDF for 3fe45ccc-8d9e-4443-ac10-4208a3db55e2
INFO:root:Generated PDF for 0901008c-66e5-44b3-9ab5-c74a86a2df71
INFO:root:Generated PDF for d66f855d-98b2-4272-95ac-383fe9dc99b8
INFO:root:Generated PDF for 3a059728-629d-4a25-9e12-44493d1b1b7f
INFO:root:Generated PDF for 9a656c95-0cbe-43e9-91cc-ff2729a5bf07
INFO:root:Generated PDF for 01be8f14-2e1c-408d-9736-38e4223affc9
INFO:root:Generated PDF for 6687cf8c-df2c-413a-82ba-9baca3162160
INFO:root:Generated PDF for b87820ab-d017-4d4b-a83d-2896c301adaa
INFO:root:Generated PDF for bf14a14f-64c4-4798-b125-3fee2d731583
INFO:root:Generated PDF for 3406c248-9c99-4ca0-99fa-351b1e23eea9
INFO:root:Generated PDF for ac0d388f-83fc-4ecb-914a-7f693487b234
INFO:root:Generated PDF for 694586bf-aa1e-451d-9d35-c6ce2e9efbb8
INFO:root:Generated PDF for e02d56fb-5a74-4e37-ae20-f7696b1cadfc
INFO:root:Generated PDF for b095a3a5-69cf-4eb3-b69a-fffcadf6e0a1
INFO:root:Generated PDF for ba765bce-390b-4144-8e7f-c12a44098566
INFO:root:Generated PDF for 2dcd1807-1ef5-446e-b4bb-bf26c4cc8789
INFO:root:Generated PDF for d4cd5811-6ec6-40bc-ad9d-d968ce47816d
INFO:root:Generated PDF for 35bd8e9a-2581-43cc-b29b-a7f0c22c34ef
INFO:root:Generated PDF for 0192a1ac-0e64-46c3-832e-37505865b5c0
INFO:root:Generated PDF for 83b88e4c-e136-4e1f-951a-c08df8ecd213
INFO:root:Generated PDF for 3384fd6d-bad6-4b02-9a3c-8fc035df7496
INFO:root:Generated PDF for 793c5c85-85a9-4abe-96b8-048a918466fb
INFO:root:Generated PDF for fe75bd0f-f6af-4a3e-97b0-a576315fbbfa
INFO:root:Generated PDF for 16585cf2-b967-4e17-b27a-6a8ad49ecfaa
INFO:root:Generated PDF for cc8e7090-b991-4ebd-94e6-d3d10dd75851
INFO:root:Generated PDF for 3b4ba854-963b-4f68-b46e-e60f04000091
INFO:root:Generated PDF for da1c4633-9200-406a-a21b-c1ea7a3bca9c
INFO:root:Generated PDF for b634da1b-f8cd-4c5a-9b18-9f0754732fb7
INFO:root:Generated PDF for f32ac3ce-bda5-452c-8da6-8bc9e4f7388c
INFO:root:Generated PDF for b474684a-a666-4a8f-9c6b-52d042c5a7d9
INFO:root:Generated PDF for d37f0822-99fb-4abc-99f3-b7ea651e63f0
INFO:root:Generated PDF for d205d121-f898-415b-8eb7-dd84f1d1410c
INFO:root:Generated PDF for bb0bb11c-74bd-4f66-97b0-684f0e1e9bf1
INFO:root:Generated PDF for c63f85e7-67ee-43c9-a9dd-84f9d5925386
INFO:root:Generated PDF for df95b734-f4d2-4c9a-9e7d-e91b3175c143
INFO:root:Generated PDF for b64843e4-5e7a-473d-bdc6-dd61deafd250
INFO:root:Generated PDF for da1aacfb-3448-49f2-a8bd-e0801d2b34dd
INFO:root:Generated PDF for 3c70433f-097a-4756-92d9-abf0af0b8d93
INFO:root:Generated PDF for a4bdba49-7605-4a01-a171-0c3e49ea797e
INFO:root:Generated PDF for 03a63f1f-2bdf-41a0-a070-476d47b4242e
INFO:root:Generated PDF for 4702b260-1566-4d39-851e-9efd491f17b3
INFO:root:Generated PDF for 0a8e9b1d-314d-4c57-b085-158de7c60dfa
INFO:root:Generated PDF for ccb6674e-53bf-4254-9d7a-c22e80a540b4
INFO:root:Generated PDF for dbee4dbd-d1cf-4f6a-8485-c3735607acc7
INFO:root:Generated PDF for a905ff49-62ec-4061-a809-5ab37e34bfcc
INFO:root:Generated PDF for cce00721-88a3-4407-a12f-559f5f04317b
INFO:root:Generated PDF for 84fdd57f-83b3-4c04-8713-0bc3bccfdc12
INFO:root:Generated PDF for 56404ce9-298f-4ef4-bd68-ebb67b6578df
INFO:root:Generated PDF for 168dd09a-70bf-46ac-abd1-e71358cb8b10
INFO:root:Generated PDF for a25f1dfd-8b49-4a9d-b023-211df3183c99
INFO:root:Generated PDF for c8a9ef7b-6980-4107-b64f-27478ce2a07e
INFO:root:Generated PDF for e366036b-08b5-49aa-8759-976f619f4e6d
INFO:root:Generated PDF for 82074edb-a890-4c5d-aedd-e38b469bf8e2
INFO:root:Generated PDF for 0041187c-b925-4857-9458-f17e1da1f0b0
INFO:root:Generated PDF for aceefa2e-2c92-428f-8cbe-6374c3d0ed0b
INFO:root:Generated PDF for 7a55146a-c51f-4dd7-a784-9309081eb847
INFO:root:Generated PDF for fa883ec4-57bd-470b-931f-3ac854b939fa
INFO:root:Generated PDF for b706ce72-40f2-45e0-be77-e06febb6ceec
INFO:root:Generated PDF for 5b57782e-8081-43a2-b714-4283e8f2da3c
INFO:root:Generated PDF for 802a5b33-fa87-40e7-a2ba-aef4f82967f8
INFO:root:Generated PDF for a7e581f9-ba6c-49b9-9dc6-d26e3cb6b3ac
INFO:root:Generated PDF for 5f8feac3-eb3b-4eb5-b3bf-13d59653ad11
INFO:root:Generated PDF for a8f3027f-a63e-45ce-86db-c61fd02f12c7
INFO:root:Generated PDF for d68ccfae-192a-44ba-9b66-ab35d9981a6d
INFO:root:Generated PDF for d8542a4a-1743-4ffe-a24f-f66d141270b4
INFO:root:Generated PDF for 4fbb555d-628f-42ee-8e63-0c84eb3dddc3
INFO:root:Generated PDF for 0388f64e-5924-4a44-b55a-bf89c0d7a931
INFO:root:Generated PDF for 0df63e69-41a2-4cb0-9f62-a629a854f3fe
INFO:root:Generated PDF for 194bb779-5573-430b-8b4f-4f62c1b3d1ed
INFO:root:Generated PDF for 13fb3bad-9c73-45fd-b472-272330385b19
INFO:root:Generated PDF for 1b90f0e3-3fc9-4d75-af53-3f78ff282e7b
INFO:root:Generated PDF for 1788fe34-79e5-4030-8309-647329f68163
INFO:root:Generated PDF for 6bfd59a8-4e11-4842-9444-990e4a9ff595
INFO:root:Generated PDF for e99bbc1c-cef5-4e75-a2c8-71ace6278b1f
INFO:root:Generated PDF for cd3b2397-72ee-4dd7-a3e3-4a62b2c7ec41
INFO:root:Generated PDF for 8499f96f-973b-43ed-a467-17e1c2ef9131
INFO:root:Generated PDF for 017fc25b-313c-467c-8563-790e14ef5299
INFO:root:Generated PDF for 7039a3b8-4307-49a6-9b4a-3786bede0f25
INFO:root:Generated PDF for 45a1aa72-1082-455e-ae82-45eccdf01e60
INFO:root:Generated PDF for ea5b1536-06a6-481b-9f2d-be5b1ed50d07
INFO:root:Generated PDF for 6511e474-cc61-4d38-9ff5-5a70f66d87a3
INFO:root:Generated PDF for 2cf432ac-e686-4172-bc9b-f24f099869fe
INFO:root:Generated PDF for 37a123f7-e3fb-4ee2-89cd-def46c5fe868
INFO:root:Generated PDF for 35ddc846-4e58-4fc0-875f-c1a84ad89fb2
INFO:root:Generated PDF for e2d4933c-af4e-40a1-b097-6c3df898313a
INFO:root:Generated PDF for fdded48e-bb76-49eb-91c9-a74e74cb0407
INFO:root:Generated PDF for c7f4d923-7804-4f8f-a9dc-7c4656eadadc
INFO:root:Generated PDF for 9406f9fd-8beb-4ab6-b473-5bf315bb1feb
INFO:root:Generated PDF for 7570ac9e-1d69-47bc-b5d7-1e5d841664c2
INFO:root:Generated PDF for f8242df5-1b92-462c-a6fb-32d548e433fc
INFO:root:Generated PDF for 84709486-9365-4dc9-b84d-9446191d800a
INFO:root:Generated PDF for 9e974479-0317-45ef-8910-2abf77788364
INFO:root:Generated PDF for 85792928-b18e-4799-be07-7a39b987a5ac
INFO:root:Generated PDF for e24dec36-b87c-45e2-b04e-f1090ade693d
INFO:root:Generated PDF for b56c617d-377e-47c7-b95b-1b5fa3b2f796
INFO:root:Generated PDF for 0f935b29-8ff9-449e-a97f-cba3fbaa4577
INFO:root:Generated PDF for e7890e43-8bc9-4472-b4af-6dd7dbeb6ac4
INFO:root:Generated PDF for 7be1367d-0e24-4613-b4d4-311feed89fd5
INFO:root:Generated PDF for 424327f0-a6e2-4537-b666-352e0e24eff0
INFO:root:Generated PDF for 86fa12b4-737c-43d1-a1bb-09581d805922
INFO:root:Generated PDF for f47079e0-5388-4dcd-a4a4-a5516a47de70
INFO:root:Generated PDF for c0b3553f-c4b7-47eb-9eee-1a3d068cb1e3
INFO:root:Generated PDF for f4c3a0e9-9df6-49f0-b767-e329c3f9eefd
INFO:root:Generated PDF for 414f38fa-2f29-421b-9795-ecd637ed881f
INFO:root:Generated PDF for 78b32bb1-5810-47f3-a558-b4b00f1ff310
INFO:root:Generated PDF for bb39ef6a-d858-44d8-80c5-d35410bca814
INFO:root:Generated PDF for 4b2cb680-ea53-4f2e-b37e-6a637b80c80d
INFO:root:Generated PDF for a5aed71c-02fe-4b54-ae24-fbf27391c6e7
INFO:root:Generated PDF for 171181c9-4689-46d3-b0e4-3b214cb46799
INFO:root:Generated PDF for e9fe1555-4afc-4d68-8f7b-1c55adc699e8
INFO:root:Generated PDF for 51a6b3c2-7e5a-4983-8239-61525afd769c
INFO:root:Generated PDF for 18036937-2439-4dc2-92a8-886194752ce2
INFO:root:Generated PDF for 48bbf14b-0fe1-4aff-a482-ab84b4a881ee
INFO:root:Generated PDF for 88427ee6-3302-4074-a9c2-f42ecfab08c0
INFO:root:Generated PDF for 41ca7c5d-aa4b-4e59-9633-1be5374aaffd
INFO:root:Generated PDF for b3b3c56b-b47e-4a8d-af26-36a758d59a34
INFO:root:Generated PDF for c0f5f576-dbdb-40bf-9db2-d19f52b159ff
INFO:root:Generated PDF for b3a8ffc0-a012-4445-91be-a52756f018ed
INFO:root:Generated PDF for 51384a84-749d-4a12-825f-30f57731afd3
INFO:root:Generated PDF for 96b7bac3-7a37-43b4-a2fa-58607c076376
INFO:root:Generated PDF for cb1afa4b-d99f-4ea7-a246-1d5fd6a31f62
INFO:root:Generated PDF for 45b9d2bd-8d13-4fe6-b1bf-0bc62ddf2ef6
INFO:root:Generated PDF for 666080fe-ea01-4223-8ef6-d81c24702db3
INFO:root:Generated PDF for 893858e3-2ba5-41cf-b2be-37242189d809
INFO:root:Generated PDF for 4cb8be3f-9523-4bb8-a404-bec8373e7850
INFO:root:Generated PDF for 2ead3c8b-7605-4d2d-b215-3a3fb426a146
INFO:root:Generated PDF for 2fe5c6a4-bcc7-43a5-9b45-143f44f65897
INFO:root:Generated PDF for 6c34e1b5-f08e-4248-878b-f467927d9e0f
INFO:root:Generated PDF for 790fb865-fc97-4d61-93b4-d9882c63b0c9
INFO:root:Generated PDF for ab5df8db-75e3-4cd9-b49f-b798ae5e295d
INFO:root:Generated PDF for 6aed34ac-8f08-469c-bb83-267d2c6399ae
INFO:root:Generated PDF for 9cae4a5f-72fe-45fd-93be-df2ab6c6b7d3
INFO:root:Generated PDF for cb3134b6-7279-4bdb-861e-374319bc4916
INFO:root:Generated PDF for 62eb795c-c01a-4bb7-b78d-c5545fdfefae
INFO:root:Generated PDF for 7013a4c9-bc26-4898-a106-b986e4af777e
INFO:root:Generated PDF for bb0210af-1ade-448f-b4af-1ed798500269
INFO:root:Generated PDF for fb1eaa28-b120-44d8-913b-824f85563639
INFO:root:Generated PDF for c4f4c4f8-1c42-414a-b7a7-60436334cca4
INFO:root:Generated PDF for c7072d6a-7eae-4d77-8987-2a6bcd82b2cb
INFO:root:Generated PDF for 562db2d8-cd2c-47e9-a2e0-0da7bf8db120
INFO:root:Generated PDF for 371f2fa1-3af7-4b35-9d38-64711f762b0e
INFO:root:Generated PDF for 6e2f8485-28d6-4921-9ddb-e24972002790
INFO:root:Generated PDF for 03f589af-8cfe-4b6c-bcba-06f8b20dcaf0
INFO:root:Generated PDF for 41c70d9b-cc80-44f8-97e4-43426fe005fc
INFO:root:Generated PDF for e18d3773-0eab-40a1-88e6-1ae2c658951c
INFO:root:Generated PDF for 20873d1b-b8e7-4de6-b6ab-458476d2af81
INFO:root:Generated PDF for ea842acd-0e9c-4d88-ac94-3e0a9ed96cbd
INFO:root:Generated PDF for 09ff61f8-7e32-4389-93e0-32c2b44c624c
INFO:root:Generated PDF for fdd72ed1-e36e-485a-9bbe-dcac74d14c50
INFO:root:Generated PDF for 8151b38a-9cff-478b-88c3-a4c951b1bfb1
INFO:root:Generated PDF for 5603b85c-8c0f-4703-a44d-e75054d4fa0a
INFO:root:Generated PDF for c0dacdc2-1302-492c-89e1-1244f592671a
INFO:root:Generated PDF for 61ab62e5-1132-4868-80ae-fa1a040134f4
INFO:root:Generated PDF for 4a30f08e-80b3-4be7-b094-8c75b2690246
INFO:root:Generated PDF for 737e67e8-cee4-4040-92cd-d23ed085d670
INFO:root:Generated PDF for aa100cb4-9563-4ce0-a8b0-f7a6b85eaf7a
INFO:root:Generated PDF for 035f8ee8-0d11-4b82-ae9a-a0721e2ce5c1
INFO:root:Generated PDF for 128d1e63-c241-4092-9918-c7b63650040b
INFO:root:Generated PDF for d33acb99-5a0b-4b4a-98f3-b3c24e801a61
INFO:root:Generated PDF for 3dfb0303-4f47-48e4-8daa-3cf3742258a8
INFO:root:Generated PDF for ea63bcb4-e6cb-46cd-a2b9-da8285199114
INFO:root:Generated PDF for 6fc7457d-d2a9-4fd2-9d3e-c1d3101bf647
INFO:root:Generated PDF for e194c14e-0ebb-42b4-9ead-d970274bcfd1
INFO:root:Generated PDF for 32d1ab09-c47e-4b6c-b04f-3937b83a38aa
INFO:root:Generated PDF for 1d0d78d6-845d-48ba-806f-0f8387ad583a
INFO:root:Generated PDF for bcb0bc2b-9deb-40d2-8841-d6b62e62b51f
INFO:root:Generated PDF for e37a1f36-9c59-4d48-8850-25c6a709f32f
INFO:root:Generated PDF for e6268cc9-73ab-4084-88d1-5d385f9dfc64
INFO:root:Generated PDF for 709fbab8-a3cd-4f54-9ff0-9297889b544f
INFO:root:Generated PDF for 2171c8f6-97cf-40ec-8965-18f3e4aadf92
INFO:root:Generated PDF for ba3a995b-75c2-4402-a09b-914f6f50a5a4
INFO:root:Generated PDF for 394a7cbd-f496-4139-bc94-cabab57b8980
INFO:root:Generated PDF for 28c670ea-e772-4cc6-b7b3-bb4f75bb30a1
INFO:root:Generated PDF for 58dc5684-6aef-4708-98c8-4d49c6108b8d
INFO:root:Generated PDF for 81807f34-1ebf-427b-a9e6-3bfc8ec5069a
INFO:root:Generated PDF for b1adeae9-97cf-4fb6-87c4-25f054dc3e3d
INFO:root:Generated PDF for df31dc3f-92af-4e7d-87dc-8d3b2b49df23
INFO:root:Generated PDF for e66c2ec5-3729-4553-80bb-61c6bc5e25a8
INFO:root:Generated PDF for 7d15da4e-7509-48f9-b667-c2a36f250412
INFO:root:Generated PDF for da580712-a20d-4f48-9cab-feb769c82454
INFO:root:Generated PDF for 7800c0b2-5f7e-49bf-a792-7cb54c412c73
INFO:root:Generated PDF for e9dc046b-4cfe-4155-b95e-462665757ee8
INFO:root:Generated PDF for dba46dc8-18cd-4879-a45d-b590eeaca617
INFO:root:Generated PDF for 8a296d56-cdc6-4fec-9fb2-d6cbf70f2f71
INFO:root:Generated PDF for 5c2024ea-74fe-4e3e-a70b-ecb77315bd11
INFO:root:Generated PDF for e76a3fba-a09d-460d-86fc-bf105fd6a866
INFO:root:Generated PDF for c91d22c5-1a99-4f60-a6cd-b9f559b67f5e
INFO:root:Generated PDF for 300cdb37-8920-453f-ace5-c0a04d2b0746
INFO:root:Generated PDF for cb1fcf4d-de0f-4aa9-9472-1a234d7bdac3
INFO:root:Generated PDF for ba3833d7-a96a-4b44-9240-a28f514aee80
INFO:root:Generated PDF for c19b8ca9-53f5-45a6-86a9-ed24b19cd8fa
INFO:root:Generated PDF for ec431fa1-1cc0-4fb6-83ff-72dc880d4596
INFO:root:Generated PDF for ecf78432-77c0-4c64-b2e1-f39c57cad23a
INFO:root:Generated PDF for e067eacb-2b4a-4927-a8af-4f6058e28672
INFO:root:Generated PDF for 2f3a28c0-7a5b-4975-8d1f-fa77dd3e705c
INFO:root:Generated PDF for 041e211b-01cf-479b-822a-c4f2e51e71ff
INFO:root:Generated PDF for 5bf4a8ca-7b70-4f7b-8b8a-3f32367b7a0c
INFO:root:Generated PDF for 60af3eae-ac26-41a7-89b2-66e0607adf91
INFO:root:Generated PDF for f113c673-b2b8-441c-8150-333ec236bd6c
INFO:root:Generated PDF for dc344ef5-2a74-41a2-b077-34fe0a3a19a3
INFO:root:Generated PDF for 6420805c-a7a4-4e7c-9424-6395e2604b8e
INFO:root:Generated PDF for 908920f3-8abb-47b0-985b-dbc129395f0b
INFO:root:Generated PDF for ea7cd4cf-c721-4849-a4cf-5e9438971257
INFO:root:Generated PDF for 26967d10-4bdb-4ef9-ae36-3bc3318ffbe9
INFO:root:Generated PDF for 16411d21-a990-4eb2-b454-89a180d8c172
INFO:root:Generated PDF for ca69a3ea-3404-4899-befc-01b229c9047a
INFO:root:Generated PDF for 1e8f730b-967b-4e71-98bd-a4e4097e97d1
INFO:root:Generated PDF for 9c22279a-f67e-4a05-8f68-4c03f2a62f8f
INFO:root:Generated PDF for e2594caf-f388-4911-b5ee-46e23fd1980c
INFO:root:Generated PDF for 20b02aff-aac0-4553-8e9d-94ccf7711466
INFO:root:Generated PDF for 4d724c0b-befe-4af6-a613-80d5acc77c7c
INFO:root:Generated PDF for aef5a482-d48a-4160-b832-4bd5cd6d3625
INFO:root:Generated PDF for 4f35ee88-a77e-4ac6-a799-944446e4235f
INFO:root:Generated PDF for 5a5fc680-9d32-4312-902b-35bd272f5e37
INFO:root:Generated PDF for 585eb58f-1122-4a0e-861c-4deec25b5edd
INFO:root:Generated PDF for 42a76d0a-0264-459a-b512-ebda2a9d1bcd
INFO:root:Generated PDF for 3015d9e3-f46e-4a60-a307-011b0d54f2ba
INFO:root:Generated PDF for d530b564-8629-4b2e-92f4-bf388f72efc4
INFO:root:Generated PDF for 2ea82e29-461d-4aa8-bc7d-cf85366b7d7f
INFO:root:Generated PDF for d0f0ae8e-5bea-4bdb-82a3-07ec53be1e4f
INFO:root:Generated PDF for fd200738-6987-4fe9-9016-d8ae16034d00
INFO:root:Generated PDF for 959707b2-48f0-4eb2-9910-0da8e8d57ef2
INFO:root:Generated PDF for 3feb97ed-632e-4dcf-b9fe-ca44c8db8458
INFO:root:Generated PDF for d675c939-3ada-44a4-90ae-b4bd5954c30d
INFO:root:Generated PDF for 230d46ce-328f-45bc-a8fa-3f84067c55bf
INFO:root:Generated PDF for 9d07d0db-c80f-4ab5-877f-63bf2ea77734
INFO:root:Generated PDF for a9aef981-d88f-4424-9c2c-04e47d1b9284
INFO:root:Generated PDF for 17e0bcb3-1036-42f0-952b-ae85df0214b4
INFO:root:Generated PDF for d677cd8e-f29d-4041-aa5e-d557011553b5
INFO:root:Generated PDF for 4e356c70-b317-4b2d-8e2e-7904f264c0da
INFO:root:Generated PDF for c572f6df-7251-41c2-8fc9-7c0f1c828409
INFO:root:Generated PDF for aacb0930-2cbb-480f-96df-a2c12d0885a5
INFO:root:Generated PDF for 5709425b-b512-4bce-aacc-1f72bbdb9044
INFO:root:Generated PDF for 98a167dd-727a-4201-b306-1307187979f9
INFO:root:Generated PDF for 2a59236b-0782-4b25-8958-2e557bc28cf2
INFO:root:Generated PDF for 4a58d08d-dd2a-4ca0-858a-efeacfd547ac
INFO:root:Generated PDF for ed0a4474-75c5-4156-9b9d-07e5bebe5cf5
INFO:root:Generated PDF for c2d638be-2f37-4c67-8441-106879b2e743
INFO:root:Generated PDF for 2577a419-b281-433e-90cc-ca9fb7e8f8ae
INFO:root:Generated PDF for ec387431-ed26-447a-ba25-9ac27d320a36
INFO:root:Generated PDF for 38a529d1-3ce9-4ad7-a4f8-1f03516516c1
INFO:root:Generated PDF for e635d2ce-41aa-4e57-b532-6387a29ea240
INFO:root:Generated PDF for e5f98075-3287-4be0-9ddb-869eaa8e266d
INFO:root:Generated PDF for 19eec2c7-18c6-4d98-8b7d-6161e671e231
INFO:root:Generated PDF for b68ace73-226c-4fe4-a0a7-eb78e5ebd1bb
INFO:root:Generated PDF for 75e869a7-5214-4d76-987b-645832c915d4
INFO:root:Generated PDF for 699e0674-62f1-4fab-ac22-e47ae5641e64
INFO:root:Generated PDF for 9eeb3cd8-fc9c-4adf-adea-4b0a0ebf6eef
INFO:root:Generated PDF for eb8b9b3a-5888-4472-89af-c8dd9da3b79e
INFO:root:Generated PDF for f0b96cc9-aaeb-47c6-8f44-41dbc3ffa53b
INFO:root:Generated PDF for f4be115e-f8cf-4570-9380-f62f85600672
INFO:root:Generated PDF for 3c888bad-ea36-4e7f-813f-4df8c45dff9e
INFO:root:Generated PDF for 3bf6eb9e-ef6c-4b4f-8d00-78b206b5eeac
INFO:root:Generated PDF for 09641eaa-6677-4e34-baa4-6bed0a4c4e0b
INFO:root:Generated PDF for 2c0c9526-5e00-4d95-bd12-c64ced68976b
INFO:root:Generated PDF for 0bc1f457-8b2d-4750-b24c-c4ec644d5067
INFO:root:Generated PDF for f672d349-4488-4b35-8435-099bdbfb7d5f
INFO:root:Generated PDF for 0753d7a2-2ecf-4c0f-87fb-4acfd24c2d87
INFO:root:Generated PDF for 767a036c-c3e4-4440-8a5a-6c971704d70a
INFO:root:Generated PDF for 2b839b6c-ca96-465d-af07-93e6dceb5535
INFO:root:Generated PDF for 83d45962-95c4-48c0-a3b8-8996f9a36169
INFO:root:Generated PDF for a39953f3-09d8-4960-9d1a-4998d6b35857
INFO:root:Generated PDF for 76ea8523-710a-4672-95c0-f7a3c4430efc
INFO:root:Generated PDF for 406ddf70-eb5c-46a6-b1c6-057e5fa61b98
INFO:root:Generated PDF for 0ef207ac-5330-4f80-8d99-8144d8065e3f
INFO:root:Generated PDF for 4c44c8db-392f-4cf2-b80b-81d69a4d4aa2
INFO:root:Generated PDF for f2bd8faa-ec1e-4fa9-a0f1-190b3457f148
INFO:root:Generated PDF for 8d16774c-7df9-4ce2-b082-5c2b88607b68
INFO:root:Generated PDF for f7ac74f3-0fab-4daf-aded-0e48387181f0
INFO:root:Generated PDF for ec0c092f-d7db-43bf-b2c3-b5ff811fcf07
INFO:root:Generated PDF for 501a4844-f944-4fe6-b62e-d40f616572e5
INFO:root:Generated PDF for 4aa76f00-6aad-4a9d-b6fa-2a5a22749d69
INFO:root:Generated PDF for 7cb5fd65-565a-408e-af54-e31f5a220b1b
INFO:root:Generated PDF for bf636290-20a7-4954-b58e-a0ea6fbbad2d
INFO:root:Generated PDF for d19b598a-f712-4161-b536-874516814f17
INFO:root:Generated PDF for 5b33bdca-7635-464c-bf7f-de3d419c079d
INFO:root:Generated PDF for 7253c15d-f44f-4bc8-91ac-6c48ba1d6235
INFO:root:Generated PDF for 85ee87f9-a328-4131-b9b0-c6435ca0f4ba
INFO:root:Generated PDF for 59ff8218-87ca-4b99-b715-3e65b5f5715b
INFO:root:Generated PDF for 189cdd2f-1ad9-4e7c-8096-1c87fe5ce801
INFO:root:Generated PDF for 87977ca1-a83e-4305-ad0e-6c4a46ce83da
INFO:root:Generated PDF for 1e8ff725-1b4e-4142-ab97-9f013c8c5269
INFO:root:Generated PDF for 284a84a4-0f47-44b4-861b-af043555f34f
INFO:root:Generated PDF for f37e0d26-fa5b-4caa-bc56-a9da66c9604b
INFO:root:Generated PDF for f28dc6e2-5d44-47c2-afd4-b93bc7961354
INFO:root:Generated PDF for 7d96570c-3a83-4180-a438-f76b46427a2e
INFO:root:Generated PDF for d907576d-72ca-4ac7-8241-193f20c84cdd
INFO:root:Generated PDF for 3cbe604f-adaa-4f84-ba3c-b22309b3df10
INFO:root:Generated PDF for e61726c0-8e4e-4af4-a0b4-162d95868323
INFO:root:Generated PDF for 7bef54b9-01f9-4e50-b6a8-518490b1a765
INFO:root:Generated PDF for 487d7d8c-e374-4d57-9139-2080eb2655f6
INFO:root:Generated PDF for 17190c93-062b-4896-8332-fa2dfad460a1
INFO:root:Generated PDF for 03800256-3d9d-4d64-8875-a92ee95a0b76
INFO:root:Generated PDF for 726d3e5c-e440-4cff-ac1a-f93da22f46f1
INFO:root:Generated PDF for 63cdcc43-cb0b-4d31-ac17-691b9dbe8231
INFO:root:Generated PDF for 86d9f7ba-10d3-4125-87e9-2bcb387f7520
INFO:root:Generated PDF for c56fe83c-9cd2-4ada-9b9f-4e6b9e1dbdf4
INFO:root:Generated PDF for 56203f24-e9a7-466e-8397-5e4a4bb1b649
INFO:root:Generated PDF for bdd7cbf1-1f80-475a-a803-d6206548a0d4
INFO:root:Generated PDF for 0d15be22-7d06-4620-820b-4f520c98a2ff
INFO:root:Generated PDF for c3f73bbc-8943-46b8-a9ab-ace3e10bd587
INFO:root:Generated PDF for adbd8473-1a69-4c68-90b9-0033bc6b993c
INFO:root:Generated PDF for f30d4f39-7cd3-4cae-97ea-915ab3a402ae
INFO:root:Generated PDF for 363fced5-5a24-4234-8fdc-4594af587ce4
INFO:root:Generated PDF for ffa95052-40ff-4103-b4a4-077b169c8ad7
INFO:root:Generated PDF for b4768fd9-bdfd-4545-86e6-084990748348
INFO:root:Generated PDF for 0f604953-53cb-4760-94ef-87dd2b1a10a8
INFO:root:Generated PDF for 3c0cfe35-cf5a-422b-b1e3-922c4cf0118a
INFO:root:Generated PDF for 4078174d-bebe-4a31-93df-33759ab1cecb
INFO:root:Generated PDF for 5a8f607b-7333-46c4-b80c-3cca68dac2c8
INFO:root:Generated PDF for 483564f2-a2a8-40a4-9792-13a4d420628f
INFO:root:Generated PDF for ce80e452-d7f1-4f10-a109-5ac9f1f7704f
INFO:root:Generated PDF for a89ed466-86b4-4b21-bdfa-99cf32f927f9
INFO:root:Generated PDF for 37930294-e553-4f52-b858-92614d8ecd25
INFO:root:Generated PDF for e408cd44-c33f-4184-afe0-3ef1e2363174
INFO:root:Generated PDF for c2e496eb-6260-4e53-a010-4d3ff144299e
INFO:root:Generated PDF for 7b99537a-669d-4414-9d65-5d5d078569ae
INFO:root:Generated PDF for 98720c3b-199f-4402-8179-add241e7d984
INFO:root:Generated PDF for 07d72849-1f60-418d-98c5-027300fde07a
INFO:root:Generated PDF for 89ea42b1-acf9-49de-b1c8-94b9774c4298
INFO:root:Generated PDF for aa654b46-326f-4c84-bb5e-a71f876355ec
INFO:root:Generated PDF for 5c7c52fc-889d-490e-8c12-aac107edc9ee
INFO:root:Generated PDF for b6562e0b-a8e2-47e1-8511-9c6adbef8203
INFO:root:Generated PDF for bb9e0efe-9faa-477b-a2d7-2ec8bad9250a
INFO:root:Generated PDF for 57abd640-2b36-4aa1-833a-0609c20d973a
INFO:root:Generated PDF for 918688a6-b767-410a-8cd4-27da5e67ecc2
INFO:root:Generated PDF for ad283fd0-f7f7-4c16-a2c4-d9fe687efefd
INFO:root:Generated PDF for ad346943-a2fc-407e-ac3f-eb252606cc4f
INFO:root:Generated PDF for e490e9f4-d966-4d64-8829-09410e4cee32
INFO:root:Generated PDF for ee643854-8b25-4cd3-87de-47667f78cc41
INFO:root:Generated PDF for 8bf65862-d516-4fe1-b3f4-538ac66f705a
INFO:root:Generated PDF for 6ed33aae-b10a-4ffe-9f21-1c73f1db936a
INFO:root:Generated PDF for ab28620f-bf37-4cf0-9116-bbb684a53de8
INFO:root:Generated PDF for bfb49588-3a01-4bcc-b182-bb33f5c3117e
INFO:root:Generated PDF for d1400bd0-1321-443c-b088-08b3aec8223c
INFO:root:Generated PDF for 5c580d24-d4a8-4472-bde6-742f150967a2
INFO:root:Generated PDF for 4551df5f-0f2a-4946-8704-fb8d44213979
INFO:root:Generated PDF for 450962ad-ece6-4a56-8dfc-a0c0615fbed8
INFO:root:Generated PDF for 5d8cf09b-55b7-422d-be59-77fa4d449ded
INFO:root:Generated PDF for 80d1613c-0e42-4e49-a0c2-89dc097476f1
INFO:root:Generated PDF for 24185858-7074-4f7e-95aa-4d30b02e572f
INFO:root:Generated PDF for 788f5d55-9150-4b6a-b166-5293030cb308
INFO:root:Generated PDF for 9eae16c4-a6ae-41f6-8ddc-bb58ce84e5ad
INFO:root:Generated PDF for f2b810e0-9f3e-4277-b3d3-a3c70ab8c112
INFO:root:Generated PDF for f9cc9a1f-0376-4f4b-ad2d-3c4a754ca105
INFO:root:Generated PDF for 125e45f7-002b-452b-8922-3ca2c0a3333a
INFO:root:Generated PDF for 6bfee6c9-eb7c-4dd2-a463-a9af2b1aebe7
INFO:root:Generated PDF for cbd8fca0-943a-4e53-8e0b-f3b00cf3778f
INFO:root:Generated PDF for a63cb521-6e6a-4609-8d98-8147434a8df5
INFO:root:Generated PDF for 9dd24416-5375-4b52-8e13-82a4d3bf06ef
INFO:root:Generated PDF for 5ba70e9f-7ee1-40b1-b422-bdf8098889d2
INFO:root:Generated PDF for 651272b2-9936-4d4a-ae9d-f671dc2d1a3a
INFO:root:Generated PDF for d74489a1-1f0f-441d-9fda-e93a2430a472
INFO:root:Generated PDF for 1ca2220b-a4c7-4e86-9fc2-a63b902a9899
INFO:root:Generated PDF for 4cd036c8-8fab-4e2b-bd18-d8d30cb22e65
INFO:root:Generated PDF for ec948121-273f-4cf5-9c03-ced789726e7b
INFO:root:Generated PDF for 69dbd80f-7ef9-4e9b-9af0-639a53ec8af1
INFO:root:Generated PDF for 788cb551-df48-4772-8b26-5996bcda13d3
INFO:root:Generated PDF for 3da67bcb-06c7-4bfd-a2c3-ee9ec8390c5d
INFO:root:Generated PDF for 4f4172a3-268c-4e32-97b1-31a3b476ec9b
INFO:root:Generated PDF for b747e9e2-e709-4160-96dd-d70d42bffbf2
INFO:root:Generated PDF for 0560fdaa-4832-4418-b443-a47b341994dc
INFO:root:Generated PDF for 77897bcc-faa5-4141-9aa2-71ca3264cf37
INFO:root:Generated PDF for 7ccdd5d3-02eb-4d73-8aba-8396dfeca862
INFO:root:Generated PDF for cfa8823e-d163-40fc-bdc7-e0c2e4c213dd
INFO:root:Generated PDF for 86c66df0-1e38-4c7a-a22d-5aaf4ab200fc
INFO:root:Generated PDF for 777b2374-cafa-4d73-bdc7-d2d7713aebe1
INFO:root:Generated PDF for b9d34a2a-ffd1-4710-b58c-4c0586983a1b
INFO:root:Generated PDF for 2aa1d575-9319-4cb5-90c8-7eef8bdf5491
INFO:root:Generated PDF for 5f557bb3-d4fc-45f8-ac12-246f71fce503
INFO:root:Generated PDF for 123d4aaf-8812-494f-8410-75a4696d9a34
INFO:root:Generated PDF for 31c57217-9175-4167-b1b7-9371d4a06c36
INFO:root:Generated PDF for b0f5f0f3-96e3-456f-8bd1-6ba819102955
INFO:root:Generated PDF for 3b4578ac-d392-44ad-871e-decece5d9e12
INFO:root:Generated PDF for 481ba94b-ddeb-4ea4-b8a5-5b3383b4286b
INFO:root:Generated PDF for b89a3561-f019-4380-ba9b-7853e4f17752
INFO:root:Generated PDF for a92122f5-9d54-4fe3-8b17-307f6124205b
INFO:root:Generated PDF for a5aab7b3-af1c-41cc-9a18-f80fe2261c2e
INFO:root:Generated PDF for 95df3fcf-0e4d-48ac-9afb-a0fab1534344
INFO:root:Generated PDF for 7b54c63e-2b84-41c8-84f6-47bc0d328d24
INFO:root:Generated PDF for e7593be2-6e6b-48f9-a3a0-9d697594af49
INFO:root:Generated PDF for cddf64c2-0a0a-484d-8ec7-ea87cd1112fd
INFO:root:Generated PDF for 2047379b-d897-40c4-bfe2-e9d3d0768b69
INFO:root:Generated PDF for e1cc4b66-0a3b-4ed6-bdfe-7a2c9d060487
INFO:root:Generated PDF for 04bb05b4-d130-4218-aef0-a16df9e68def
INFO:root:Generated PDF for 27dc7ac5-851d-426e-a702-51c19d4697c8
INFO:root:Generated PDF for 29256df0-b6dc-4622-8868-98f953e115a9
INFO:root:Generated PDF for bd9f0006-5ba3-4c9e-9127-4d986d94f289
INFO:root:Generated PDF for 5a44681e-19fb-4e14-8e5c-c9bef10e1f5b
INFO:root:Generated PDF for a71f308f-1180-4c77-bb2a-8ebb95a19eba
INFO:root:Generated PDF for af635659-dfa2-4abd-8efb-a5b6eea45e14
INFO:root:Generated PDF for 7822df86-ef0c-4ba7-ab9f-23d9b9303a27
INFO:root:Generated PDF for 777d62ec-3ae9-4239-912a-287d7cbff09c
INFO:root:Generated PDF for f578da84-d101-49f2-9e1e-9edd1f454faa
INFO:root:Generated PDF for 9b0ca516-9288-4f26-907b-239aa790c7e9
INFO:root:Generated PDF for 7f38a3d7-2030-4df6-a900-f2cad00a155c
INFO:root:Generated PDF for 1c3b85d4-35f6-4bc8-ae3d-7a504c9e53e3
INFO:root:Generated PDF for 708a7eda-2749-4c86-b749-4d8b3ca1a462
INFO:root:Generated PDF for f886f76f-6c44-4947-a8b2-1e7ebbf495aa
INFO:root:Generated PDF for 8da579e0-9df7-4209-93d3-aa3a504f11ad
INFO:root:Generated PDF for 6c4e4f60-e662-4457-aba4-f9fc90e26342
INFO:root:Generated PDF for 9327d1ab-104d-4137-a0b5-14fcf4f4e716
INFO:root:Generated PDF for 2e8bf340-f30a-46f3-931d-dde0847037b6
INFO:root:Generated PDF for d9870c2c-4c64-4e9c-a675-ac82f46d3f9e
INFO:root:Generated PDF for 7f818c9f-0637-4197-88a5-4fd4c446f7e9
INFO:root:Generated PDF for c491987b-69f2-477d-94f1-c485c510999d
INFO:root:Generated PDF for 3082468b-b652-4a6f-a5fa-eef2e0bb2b1f
INFO:root:Generated PDF for 24b878b5-0e0d-4b42-a4e0-cd8ee8bff2b8
INFO:root:Generated PDF for 93c8d2a5-0c6d-472b-ab9a-aef7a0b2d566
INFO:root:Generated PDF for 989250ef-4b21-415e-909e-36fe56eefd90
INFO:root:Generated PDF for 708fbc89-3189-48c3-a34b-9bbe8e88d649
INFO:root:Generated PDF for c0413159-eb7b-4aec-b651-ff565e5c22cb
INFO:root:Generated PDF for b9abd589-25bc-41d3-8b18-fe4120b532e6
INFO:root:Generated PDF for 36ea69b7-024e-4b29-a0a1-dc4467a92deb
INFO:root:Generated PDF for d1a036f6-870b-4e3d-9d6a-830db5a6314c
INFO:root:Generated PDF for 8756b730-74cd-4dd5-8fc4-5a90fd5bda1b
INFO:root:Generated PDF for 96741368-97a3-4267-8e6f-e42b0db7e9dd
INFO:root:Generated PDF for 30a68813-7a54-4215-8ecd-3836cf4df6dd
INFO:root:Generated PDF for 134b2b02-15e2-4010-b95f-6d037d8c6f8e
INFO:root:Generated PDF for 8cc85165-e4c5-4bd4-8d97-377710cad4b8
INFO:root:Generated PDF for a268901a-d3e1-4a0f-b8eb-ff7705675912
INFO:root:Generated PDF for 8515cbe7-28fb-4728-9d51-07553572b7e5
INFO:root:Generated PDF for ec5566f9-61b9-41c6-8acb-1b679efafcb2
INFO:root:Generated PDF for df45e8f6-f1a5-4eff-a2ee-2145ab0e7755
INFO:root:Generated PDF for fec2403e-05b5-4504-8375-c85aa6ba4ed7
INFO:root:Generated PDF for 211b8110-3ead-4493-b5a3-e90f8779f0ca
INFO:root:Generated PDF for 3003e989-3b71-4db9-aba4-cd1e0378f560
INFO:root:Generated PDF for cf4ef823-a241-4c07-8fb9-1b6cd9203426
INFO:root:Generated PDF for f244a2eb-ea61-44d6-808a-ce1e78c74647
INFO:root:Generated PDF for 7e4cd1cc-95e3-4f69-8564-4f013b673408
INFO:root:Generated PDF for 3e85304b-6d6a-46c0-bceb-7c83911461bf
INFO:root:Generated PDF for 06ffab3e-2f3a-4579-9a4f-37b5f8f85854
INFO:root:Generated PDF for f51b9c8d-5b8f-48e3-862d-564773012a48
INFO:root:Generated PDF for 98d5f824-c4e5-42f5-8b33-0ac77976505c
INFO:root:Generated PDF for d7dd6094-521c-4630-a6dc-d669def1a7f5
INFO:root:Generated PDF for 26cc7f50-cba7-4d20-b3de-84e553b426d1
INFO:root:Generated PDF for 7ff7a20d-9da9-4833-8aa5-d75cab8e56d6
INFO:root:Generated PDF for 813a2c6a-c5fb-4270-b07f-ad1aeb999107
INFO:root:Generated PDF for 95951832-34be-4273-b259-66adee8f4441
INFO:root:Generated PDF for 637b3aef-c5e6-49c9-afec-ae6086669d3a
INFO:root:Generated PDF for 35bd7a81-63f1-44cf-a97e-5e7035aeccf8
INFO:root:Generated PDF for 1483c7a3-faaf-4444-b61a-acc5f0ab70b6
INFO:root:Generated PDF for 7d3b4d2a-9c2c-4323-9b1e-1e2cb1be2c48
INFO:root:Generated PDF for f4406436-2e59-41ba-856e-7ed0e40290fe
INFO:root:Generated PDF for a2d07ee2-758b-45cf-8bde-0bf3f51eb303
INFO:root:Generated PDF for 2012cc71-54fa-406b-bc15-b4e6d4692abc
INFO:root:Generated PDF for 45d8443f-6ed2-45f0-b2c1-dc4c42504a4c
INFO:root:Generated PDF for 76c577a1-a37b-4ee3-a580-1b0438754dd4
INFO:root:Generated PDF for 55c37f2f-d5ab-47f3-86a2-342ab6966475
INFO:root:Generated PDF for 19dcad22-0637-4d1e-9cd7-0e6ec9656cc5
INFO:root:Generated PDF for 114a22da-00e9-4e7a-b369-23f0a84849bd
INFO:root:Generated PDF for 68e5272c-5a25-4cb0-82cc-a7bc4a02cb28
INFO:root:Generated PDF for 3a21a781-a91c-4867-9cad-d6410648ffdc
INFO:root:Generated PDF for 1142523a-1902-41a3-9849-2b2061a73dd8
INFO:root:Generated PDF for 306013b4-8466-4085-bc2e-426a4f7e34ee
INFO:root:Generated PDF for d936640a-ac31-4b01-97d3-e793984936b9
INFO:root:Generated PDF for d3b607b7-5c34-44c6-8cbb-e4e26d4d8198
INFO:root:Generated PDF for 3ce79796-2c2c-494e-9b45-9003d3c240ef
INFO:root:Generated PDF for d7f5a5b0-1937-4d68-a14b-0f611586659b
INFO:root:Generated PDF for 20f2abd8-4ca9-41aa-91dd-6355bc1038cc
INFO:root:Generated PDF for edc12b4d-2657-4a8a-86b3-ad8e8edcc013
INFO:root:Generated PDF for 10e0247d-afd4-447a-b713-6055997b7beb
INFO:root:Generated PDF for 7c25058b-4757-4e7f-8458-af9b86c65710
INFO:root:Generated PDF for 5487ddb7-4626-4803-9bcf-a9316da9b0b3
INFO:root:Generated PDF for 86b1cdff-9fd1-4b73-b5d6-7a65d771fb35
INFO:root:Generated PDF for 828f8aba-c29a-4758-a847-cc717f0fbc0e
INFO:root:Generated PDF for 51d2b690-4f5e-46cd-9d26-aab9b11ed5cd
INFO:root:Generated PDF for 3661f6f2-b2eb-410e-adb3-ea8f6446630c
INFO:root:Generated PDF for 16e7b01c-8949-4483-b0ad-9077d603c7a9
INFO:root:Generated PDF for e6abc635-1b02-471e-813e-26450e10be06
INFO:root:Generated PDF for 0fb2f451-3a36-4649-8d59-a2ecc0a33adc
INFO:root:Generated PDF for 0b14190d-65b9-442a-a153-c7b7933156cf
INFO:root:Generated PDF for 63d3a7e4-c198-439e-bcab-c5ecc21ddd75
INFO:root:Generated PDF for a8bfe56c-7010-4905-b7a6-27f13d06d101
INFO:root:Generated PDF for 9a2df348-e9b0-42d2-8aca-1ea51184a07f
INFO:root:Generated PDF for 855f9363-d480-44e3-8c79-71029cc6fc1d
INFO:root:Generated PDF for f6d59d79-b139-4791-926b-741cc113116a
INFO:root:Generated PDF for 3f6876dc-be11-4b74-8fdf-fdc9763f386c
INFO:root:Generated PDF for b9ee66a4-1ca3-4cba-ba2b-63542b783159
INFO:root:Generated PDF for 39837dc4-acfd-4f64-bc69-13969cd0d2c3
INFO:root:Generated PDF for f6028255-84fb-480c-8bac-7ac0fc5094b5
INFO:root:Generated PDF for 901814b1-15b9-43f0-a588-1df42d7128a6
INFO:root:Generated PDF for 87567dc5-f80d-4a90-a0b3-7795d9bd4f18
INFO:root:Generated PDF for 48a73b64-349b-4b17-9c81-ca9cd3ac5573
INFO:root:Generated PDF for 7e9c7672-94c2-432c-a89c-2ebf726539ba
INFO:root:Generated PDF for 8bcb1ecc-38ad-41d4-9836-b0ab6db617c5
INFO:root:Generated PDF for 3f4078ff-c1c6-4cdd-8b64-397e71f2ccab
INFO:root:Generated PDF for d0195f49-10ee-4b29-a4a5-8b048de2e9ae
INFO:root:Generated PDF for eb692e17-f04b-4d6c-a8f6-6ff608ac6e28
INFO:root:Generated PDF for b326f272-7c66-4365-a33c-c74b90751dbc
INFO:root:Generated PDF for e474f9bf-8ea3-4e45-9d53-5bdbd294bfb2
INFO:root:Generated PDF for b50a4e02-44fc-49a7-8dab-c9d443315ac7
INFO:root:Generated PDF for a3919126-848e-4f7b-b0e6-44836a873342
INFO:root:Generated PDF for 872793fd-d6ad-4144-bbd4-f56bf0ac6b30
INFO:root:Generated PDF for 36965120-b0d6-444e-b916-ed78912f1ce9
INFO:root:Generated PDF for b006f157-1564-4866-9227-cb190c8aa4f7
INFO:root:Generated PDF for e4783c10-01d2-4fe8-99ad-5c94bc905bda
INFO:root:Generated PDF for ea3c4dde-86c2-452d-bdee-f7866255b5d3
INFO:root:Generated PDF for c63a8fa9-0734-4a8d-8ce0-bee3e555c37b
INFO:root:Generated PDF for d3cefe8e-91f4-4ce0-b733-059799981933
INFO:root:Generated PDF for 89670e00-9e82-4ab8-adc4-3e5262ba9ba1
INFO:root:Generated PDF for 58b8ce66-9556-4b06-a1ab-a654e104d07a
INFO:root:Generated PDF for 50b4e3ce-23eb-4d28-ade7-56b023c619a3
INFO:root:Generated PDF for 46f8302d-82c2-40b8-ba02-883d416d6aed
INFO:root:Generated PDF for fef38d65-e06d-4dd4-92b8-0437e26e5dc9
INFO:root:Generated PDF for 9daaccea-acec-4aa8-9ffc-4947c4c0e7d8
INFO:root:Generated PDF for 350cebba-bc43-4431-8c61-c9958677f4f7
INFO:root:Generated PDF for 4e624bb6-e0c7-4129-90ca-722a02992688
INFO:root:Generated PDF for d954ecb9-e3f5-4090-9ddb-fa233e18ca89
INFO:root:Generated PDF for f2d2b2e1-08c6-4fd7-a578-b4fb55683633
INFO:root:Generated PDF for 9ef6a316-1e6e-46a6-bf18-9d3f51c1ecbd
INFO:root:Generated PDF for 87573b12-20e9-4004-9fa7-46b2c8fad412
INFO:root:Generated PDF for 9eae0af0-1183-47c7-a9ab-a2f471b85dda
INFO:root:Generated PDF for 4017e3a0-bec3-45ce-9e13-b2550e0ce788
INFO:root:Generated PDF for 64b7f77b-02e6-426d-94b9-b9b018c0552e
INFO:root:Generated PDF for a61689af-aa7e-4cda-8290-a11734836510
INFO:root:Generated PDF for 7ee6d55d-0ca2-41e1-8d0c-4d3af58c00f7
INFO:root:Generated PDF for 50742ac3-0432-413b-a211-66207ccf62bd
INFO:root:Generated PDF for 77bb07ec-f5dd-489f-b625-1bd90faa4404
INFO:root:Generated PDF for fd565473-a865-4d77-b02b-06b2194aad15
INFO:root:Generated PDF for 4ffe3e89-1d18-4a33-bc3d-a0b53358a9b1
INFO:root:Generated PDF for a7559dca-d6e4-41fc-8691-7c8e141a1790
INFO:root:Generated PDF for 8e805fac-4da7-412e-af63-5172fcf57e46
INFO:root:Generated PDF for ef8de869-2ae8-4ad6-ab8c-45528f836081
INFO:root:Generated PDF for a320e2cf-bad0-4ab8-9533-d74957f45986
INFO:root:Generated PDF for 29b9c7de-e23d-4a0d-80e3-4629ae0f74c6
INFO:root:Generated PDF for 5e2315f6-14df-4d79-ba13-dc04a8f7ca90
INFO:root:Generated PDF for 38598cfb-56e1-4149-b3d6-24e4c7f9e954
INFO:root:Generated PDF for 47358517-a51f-407c-b4cb-380b05c2d83f
INFO:root:Generated PDF for c2c4098c-6bd2-4ca0-87d7-d624378be8f0
INFO:root:Generated PDF for 2ab8170c-ec24-459e-8e5d-123c469f76dc
INFO:root:Generated PDF for e88c5958-7c53-4b66-8550-12005199aba5
INFO:root:Generated PDF for 43a6bfe6-1305-4144-b037-ffc42987cbb4
INFO:root:Generated PDF for 0aff8016-97f2-4f41-8da8-5c88e57e913b
INFO:root:Generated PDF for 70049f45-ff61-477c-9812-b257cb02f420
INFO:root:Generated PDF for d888fe62-8c41-4693-9698-e326fa42f27f
INFO:root:Generated PDF for 8950a8f2-3b99-4afb-b4b6-7b9ee145db58
INFO:root:Generated PDF for c3e41e17-5924-4b13-9a79-ce255b81cc65
INFO:root:Generated PDF for edcd6b2b-2ff0-4e45-a993-36247e65f4b5
INFO:root:Generated PDF for 773ab287-3889-4e76-b38b-a65784f9c39c
INFO:root:Generated PDF for bb2790ed-ea85-467d-938e-da0a6b928c4e
INFO:root:Generated PDF for 4d772785-115d-4cf7-baf1-5a854e7e01c0
INFO:root:Generated PDF for 2aa8d2b1-6fb9-45bc-87d1-0dfd8538228d
INFO:root:Generated PDF for 9db426e8-3d6c-4989-ba5d-9f4509cacf61
INFO:root:Generated PDF for ce883152-6992-465c-9b4b-935edbe71ed1
INFO:root:Generated PDF for e65ded38-bcd2-4916-8de7-c89e974f4713
INFO:root:Generated PDF for 8bcfc92a-e4ae-4b62-82bd-6fb665352468
INFO:root:Generated PDF for 19302a88-db76-4159-a8f0-409e786b245a
INFO:root:Generated PDF for bf55cf89-37db-45ea-b2dc-05200d0dafca
INFO:root:Generated PDF for eb827f40-ff3a-404a-a92c-a3c047ed5514
INFO:root:Generated PDF for 79562df9-b467-4b04-a4e4-7cd7467fa4f3
INFO:root:Generated PDF for 70b228d1-05ed-4cef-9943-45396d38f7c4
INFO:root:Generated PDF for 9186e699-4a12-4871-803e-789471914be1
INFO:root:Generated PDF for d807cec5-9e61-459d-8a69-94759e8e68b6
INFO:root:Generated PDF for 37ac1039-e6be-4aec-a1bf-31c4ed8d10fe
INFO:root:Generated PDF for 3cca994e-e1dc-4e36-a47c-5c52bc88f9bf
INFO:root:Generated PDF for f249fc71-aff8-483f-a186-6534bd987624
INFO:root:Generated PDF for 0a4f63e4-e909-48de-bc57-864a7785e3e5
INFO:root:Generated PDF for c9daf618-2276-435f-a23c-523db4a73f74
INFO:root:Generated PDF for dd7e7660-a838-4209-b154-153b5de1626a
INFO:root:Generated PDF for b8480457-6657-4088-9aab-328411b62b33
INFO:root:Generated PDF for 6fe97ecd-df56-46f6-ac6f-d678328fa279
INFO:root:Generated PDF for b1872734-10ce-4039-a40d-6ff7796ec24c
INFO:root:Generated PDF for 5bd8995c-f6f2-4d05-9aeb-cb6580325b52
INFO:root:Generated PDF for e6f1c49b-6152-4480-9dd9-fce2882ffd6b
INFO:root:Generated PDF for f7ce9e78-fc9d-4a56-b67a-eb5e960e572d
INFO:root:Generated PDF for ae036463-3763-477b-864e-1c90464f7550
INFO:root:Generated PDF for 5cbfeb37-1f3f-47d4-aeec-a83451e244d0
INFO:root:Generated PDF for a004b7ca-3b2c-41a7-b184-fb181304a435
INFO:root:Generated PDF for 4d770aff-ac6a-4d79-8c6b-6a72636f1eba
INFO:root:Generated PDF for 20bf0452-d2df-410f-87cb-86f710d17992
INFO:root:Generated PDF for 7d76e876-bd95-4cd4-a94a-39b17395fe33
INFO:root:Generated PDF for 0ce3a779-b4e4-4419-afd3-0bbccff6bd09
INFO:root:Generated PDF for 17fe384f-78ec-4992-bf96-7c32d28d8c7d
INFO:root:Generated PDF for 7b5f4ba8-00d2-4dac-88fd-61fa53755aa6
INFO:root:Generated PDF for 135dba56-b1b7-4fa4-bd03-d49ddf748679
INFO:root:Generated PDF for bda96b8d-6e76-4be0-a8fd-0dacfe943543
INFO:root:Generated PDF for 92dcbb03-103c-4c9b-b68e-9787cad95556
INFO:root:Generated PDF for 7552d77c-f011-4c5c-823b-4c5046223da7
INFO:root:Generated PDF for a7c0a934-0e8c-4974-becc-ab8301bade6a
INFO:root:Generated PDF for cc19d907-dc75-435b-8aad-c14a1cd355b8
INFO:root:Generated PDF for 20396ce6-4ed4-421b-943b-f4eaee1a8ab0
INFO:root:Generated PDF for 72b7bd59-069f-49a1-99a4-3ef717f9d789
INFO:root:Generated PDF for bb8a88ab-8edc-422d-bb80-dd10c4af21d7
INFO:root:Generated PDF for 7138ccf4-3612-453d-8e2b-86bbc2fbf9d8
INFO:root:Generated PDF for ef612f17-468e-4477-a058-ef14fe360625
INFO:root:Generated PDF for 141247b4-dfb8-490c-b614-79550f3d6c16
INFO:root:Generated PDF for 4f3fa21d-f41d-431a-9e9d-3c5db725b078
INFO:root:Generated PDF for 60c33eeb-5bbd-430a-bcc5-578a36f21210
INFO:root:Generated PDF for bf0d9311-c23a-413b-99c4-ae10429a1fe9
INFO:root:Generated PDF for 394735dc-3df1-4ea2-952b-a6de528a3a33
INFO:root:Generated PDF for 39a4f91d-cac5-40c0-86e2-f3586aa6eb2e
INFO:root:Generated PDF for 4b79c27f-7c10-47f3-a4f2-580ac433e2b7
INFO:root:Generated PDF for 90840d66-3b5a-4eca-8c26-9f10f0d03b16
INFO:root:Generated PDF for 143a4ddb-d379-46d5-b1ee-b6d894e8ea2c
INFO:root:Generated PDF for b090f210-cbb8-46d2-89a9-1ebeaf7fdeca
INFO:root:Generated PDF for 560d2d07-d66a-46df-990c-1fd638eed882
INFO:root:Generated PDF for 19623376-da0c-4255-85e1-f2eba07e59fa
INFO:root:Generated PDF for 40a08cb8-2a0f-4407-8046-b3fca6454167
INFO:root:Generated PDF for 9073302a-a2b6-4d21-9823-fa9b1700481f
INFO:root:Generated PDF for 4f1ca5ba-853e-4c65-a7d9-579a87b20d24
INFO:root:Generated PDF for ec27200a-9565-4294-a23e-bd52b5c9803e
INFO:root:Generated PDF for f2fed30d-a83b-42e4-91ef-994a45a723de
INFO:root:Generated PDF for b607fc7b-1e39-4da2-ac57-de663a8ff6ef
INFO:root:Generated PDF for fb4d75eb-0e10-4f15-9a48-a654f3cb69a0
INFO:root:Generated PDF for 91f3378a-35ec-432f-b7ae-ae77996f95c6
INFO:root:Generated PDF for 63218abd-e72f-4547-8e66-5c141874de70
INFO:root:Generated PDF for 65c1b5ae-5c64-47cd-8ec7-f126ca12c4d2
INFO:root:Generated PDF for 8acd0896-8ed5-428d-a08c-5f14f446bddd
INFO:root:Generated PDF for be221538-4817-480d-a86a-074bd1193631
INFO:root:Generated PDF for bc94ec70-f619-4f15-a8a0-d86c5d748a46
INFO:root:Generated PDF for 35db70a3-9561-4e30-9fb5-2b0d78ee124c
INFO:root:Generated PDF for c8478a60-7e15-4e99-8e6c-30774580f4f2
INFO:root:Generated PDF for 2aa373e1-6358-4a38-86c5-1f249a500b64
INFO:root:Generated PDF for b9a1d3a1-9f62-4cde-94db-d72adea0b5a2
INFO:root:Generated PDF for 9c13d98e-7951-45ec-b18e-7fed8c005413
INFO:root:Generated PDF for a9109251-a034-4f72-a0ef-b51a45c8871c
INFO:root:Generated PDF for c2a7ee00-8b5d-4b1a-ad29-b771371f33f8
INFO:root:Generated PDF for cc414508-af15-4eb4-858f-206bab5318ab
INFO:root:Generated PDF for 75a01b85-cb2e-4d55-95c2-311b49631297
INFO:root:Generated PDF for 7167219f-825e-43be-8516-1aa1fc199fa0
INFO:root:Generated PDF for 03ceb3bb-30ca-4296-ade9-410b4b8815a0
INFO:root:Generated PDF for 0f1d59b1-868e-4fd5-bab5-aebef782d090
INFO:root:Generated PDF for fc850655-20c2-4afd-8a8c-e03c7963d6f2
INFO:root:Generated PDF for 3d78e5e9-9f54-40c7-8185-b9a833d458ac
INFO:root:Generated PDF for bcb38765-f2ff-408e-9930-59c7a2c8570b
INFO:root:Generated PDF for b7d77580-c09f-49be-8d96-c9655d916a48
INFO:root:Generated PDF for 88d1ea21-b005-481d-adef-c4afef585bb5
INFO:root:Generated PDF for 1efcfb71-791a-480e-95c6-0d5fec878d4e
INFO:root:Generated PDF for f716652f-e603-46bd-aaa3-60375010cfbc
INFO:root:Generated PDF for c10382e9-98b9-43ca-8062-3e14977b6242
INFO:root:Generated PDF for 0f172298-6953-41b8-a8c8-54a2eab1f1bd
INFO:root:Generated PDF for 59f022c0-d232-4b43-9fbd-af5e945655c1
INFO:root:Generated PDF for ab7df6d1-68f1-468f-810c-32fdf451335d
INFO:root:Generated PDF for 25ef5202-49c8-4900-8dc4-09b94f72c173
INFO:root:Generated PDF for b112ee72-510b-475a-94d5-7decdfe3ca2f
INFO:root:Generated PDF for 71f0f597-90ef-44ea-9cac-0748c4bb2713
INFO:root:Generated PDF for 8d5f96cf-da0d-4a50-b1ac-d7e6b9663836
INFO:root:Generated PDF for cd370400-7361-483e-ad25-a6173c3cffa7
INFO:root:Generated PDF for 82bb3e7d-e57a-4288-b307-ae6513cbdfe8
INFO:root:Generated PDF for d8142362-835a-415f-97d1-f75018c5ced0
INFO:root:Generated PDF for 3a5f20ac-2b6d-49b3-b8a0-00a397f82256
INFO:root:Generated PDF for b7ef2671-d9e0-4ef1-94b0-f5a844cf3dd0
INFO:root:Generated PDF for 9fa2347e-1172-463a-8eda-7f73f5eae7b7
INFO:root:Generated PDF for 11f9b5e6-9ae4-4557-a2ba-72a251d3ccaa
INFO:root:Generated PDF for a03a604e-8c9b-4504-a348-6e01ae34470b
INFO:root:Generated PDF for fa78f9d0-c54f-43b6-8662-a726089a8d03
INFO:root:Generated PDF for 86b78ed2-a39a-4485-8145-a9280f8ea407
